<html>
<head>
<title>TestNG:  Surefire test</title>
<link href="../testng.css" rel="stylesheet" type="text/css" />
<link href="../my-testng.css" rel="stylesheet" type="text/css" />

<style type="text/css">
.log { display: none;} 
.stack-trace { display: none;} 
</style>
<script type="text/javascript">
<!--
function flip(e) {
  current = e.style.display;
  if (current == 'block') {
    e.style.display = 'none';
    return 0;
  }
  else {
    e.style.display = 'block';
    return 1;
  }
}

function toggleBox(szDivId, elem, msg1, msg2)
{
  var res = -1;  if (document.getElementById) {
    res = flip(document.getElementById(szDivId));
  }
  else if (document.all) {
    // this is the way old msie versions work
    res = flip(document.all[szDivId]);
  }
  if(elem) {
    if(res == 0) elem.innerHTML = msg1; else elem.innerHTML = msg2;
  }

}

function toggleAllBoxes() {
  if (document.getElementsByTagName) {
    d = document.getElementsByTagName('div');
    for (i = 0; i < d.length; i++) {
      if (d[i].className == 'log') {
        flip(d[i]);
      }
    }
  }
}

// -->
</script>

</head>
<body>
<h2 align='center'>Surefire test</h2><table border='1' align="center">
<tr>
<td>Tests passed/Failed/Skipped:</td><td>40/22/0</td>
</tr><tr>
<td>Started on:</td><td>Wed Nov 15 21:40:30 EET 2023</td>
</tr>
<tr><td>Total time:</td><td>1043 seconds (1043283 ms)</td>
</tr><tr>
<td>Included groups:</td><td></td>
</tr><tr>
<td>Excluded groups:</td><td></td>
</tr>
</table><p/>
<small><i>(Hover the method name to see the test class name)</i></small><p/>
<table width='100%' border='1' class='invocation-failed'>
<tr><td colspan='4' align='center'><b>FAILED TESTS</b></td></tr>
<tr><td><b>Test method</b></td>
<td><b>Attribute(s)</b></td>
<td width="30%"><b>Exception</b></td>
<td width="10%"><b>Time (seconds)</b></td>
<td><b>Instance</b></td>
</tr>
<tr>
<td title='org.example.testRunner.TestRunner.runScenario()'><b>runScenario</b><br>Test class: org.example.testRunner.TestRunner<br>Test method: Runs Cucumber Scenarios<br>Parameters: "user couldn't login with wrong password", "F02_Login | users could use login functionality to use their accounts"</td>
<td><div><pre>java.lang.AssertionError: The following asserts failed:
	expected [true] but found [false]
	at org.example.stepDefs.D02_Login.errorMassageContainsAppeared(D02_Login.java:66)
	at ✽.error massage contains &quot;The credentials provided are incorrect&quot; appeared(file:///C:/Users/Dina/IdeaProjects/nopCommerce/src/main/resources/features/F02_Login.feature:27)
... Removed 2 stack frames</pre></div><a href='#' onClick='toggleBox("stack-trace2109827712", this, "Click to show all stack frames", "Click to hide stack frames")'>Click to show all stack frames</a>
<div class='stack-trace' id='stack-trace2109827712'><pre>java.lang.AssertionError: The following asserts failed:
	expected [true] but found [false]
	at org.testng.asserts.SoftAssert.assertAll(SoftAssert.java:46)
	at org.testng.asserts.SoftAssert.assertAll(SoftAssert.java:30)
	at org.example.stepDefs.D02_Login.errorMassageContainsAppeared(D02_Login.java:66)
	at ✽.error massage contains &quot;The credentials provided are incorrect&quot; appeared(file:///C:/Users/Dina/IdeaProjects/nopCommerce/src/main/resources/features/F02_Login.feature:27)
</pre></div></td>
<td>11</td>
<td>org.example.testRunner.TestRunner@1677d1</td></tr>
<tr>
<td title='org.example.testRunner.TestRunner.runScenario()'><b>runScenario</b><br>Test class: org.example.testRunner.TestRunner<br>Test method: Runs Cucumber Scenarios<br>Parameters: "first slider is clickable on home page", "F06_homeSliders | The user able to click on sliders on the home page"</td>
<td><div><pre>java.lang.AssertionError: expected [https://demo.nopcommerce.com/iphone-14-pro] but found [https://demo.nopcommerce.com/]
	at org.example.stepDefs.D06_homeSliders.directUserTo(D06_homeSliders.java:51)
	at ✽.direct user to &quot;https://demo.nopcommerce.com/iphone-14-pro&quot;(file:///C:/Users/Dina/IdeaProjects/nopCommerce/src/main/resources/features/F06_homeSliders.feature:6)
... Removed 6 stack frames</pre></div><a href='#' onClick='toggleBox("stack-trace238085650", this, "Click to show all stack frames", "Click to hide stack frames")'>Click to show all stack frames</a>
<div class='stack-trace' id='stack-trace238085650'><pre>java.lang.AssertionError: expected [https://demo.nopcommerce.com/iphone-14-pro] but found [https://demo.nopcommerce.com/]
	at org.testng.Assert.fail(Assert.java:110)
	at org.testng.Assert.failNotEquals(Assert.java:1577)
	at org.testng.Assert.assertEqualsImpl(Assert.java:149)
	at org.testng.Assert.assertEquals(Assert.java:131)
	at org.testng.Assert.assertEquals(Assert.java:655)
	at org.testng.Assert.assertEquals(Assert.java:665)
	at org.example.stepDefs.D06_homeSliders.directUserTo(D06_homeSliders.java:51)
	at ✽.direct user to &quot;https://demo.nopcommerce.com/iphone-14-pro&quot;(file:///C:/Users/Dina/IdeaProjects/nopCommerce/src/main/resources/features/F06_homeSliders.feature:6)
</pre></div></td>
<td>23</td>
<td>org.example.testRunner.TestRunner@1677d1</td></tr>
<tr>
<td title='org.example.testRunner.TestRunner.runScenario()'><b>runScenario</b><br>Test class: org.example.testRunner.TestRunner<br>Test method: Runs Cucumber Scenarios<br>Parameters: "wish button is clickable", "F08_Wishlist | The user can use the functionality of adding products to wishlist successfully"</td>
<td><div><pre>org.openqa.selenium.NoSuchElementException: no such element: Unable to locate element: {&quot;method&quot;:&quot;css selector&quot;,&quot;selector&quot;:&quot;div[class=&quot;bar-notification-container&quot;] p[class=&quot;content&quot;]&quot;}
  (Session info: chrome=119.0.6045.125)
For documentation on this error, please visit: https://www.selenium.dev/documentation/webdriver/troubleshooting/errors#no-such-element-exception
Build info: version: &apos;4.11.0&apos;, revision: &apos;040bc5406b&apos;
System info: os.name: &apos;Windows 10&apos;, os.arch: &apos;amd64&apos;, os.version: &apos;10.0&apos;, java.version: &apos;20.0.1&apos;
Driver info: org.openqa.selenium.chrome.ChromeDriver
Command: [ffe0fbaeb0054aaff5c7bef04865350a, findElement {using=css selector, value=div[class=&quot;bar-notification-container&quot;] p[class=&quot;content&quot;]}]
Capabilities {acceptInsecureCerts: false, browserName: chrome, browserVersion: 119.0.6045.125, chrome: {chromedriverVersion: 119.0.6045.105 (38c72552c5e..., userDataDir: C:\Windows\SystemTemp\scope...}, fedcm:accounts: true, goog:chromeOptions: {debuggerAddress: localhost:51067}, networkConnectionEnabled: false, pageLoadStrategy: normal, platformName: windows, proxy: Proxy(), se:cdp: ws://localhost:51067/devtoo..., se:cdpVersion: 119.0.6045.125, setWindowRect: true, strictFileInteractability: false, timeouts: {implicit: 0, pageLoad: 300000, script: 30000}, unhandledPromptBehavior: dismiss and notify, webauthn:extension:credBlob: true, webauthn:extension:largeBlob: true, webauthn:extension:minPinLength: true, webauthn:extension:prf: true, webauthn:virtualAuthenticators: true}
Session ID: ffe0fbaeb0054aaff5c7bef04865350a
	at org.openqa.selenium.remote.codec.w3c.W3CHttpResponseCodec.createException(W3CHttpResponseCodec.java:200)
	at org.openqa.selenium.remote.codec.w3c.W3CHttpResponseCodec.decode(W3CHttpResponseCodec.java:133)
	at org.openqa.selenium.remote.codec.w3c.W3CHttpResponseCodec.decode(W3CHttpResponseCodec.java:52)
	at org.openqa.selenium.remote.HttpCommandExecutor.execute(HttpCommandExecutor.java:191)
	at org.openqa.selenium.remote.service.DriverCommandExecutor.invokeExecute(DriverCommandExecutor.java:196)
	at org.openqa.selenium.remote.service.DriverCommandExecutor.execute(DriverCommandExecutor.java:171)
	at org.openqa.selenium.remote.RemoteWebDriver.execute(RemoteWebDriver.java:518)
	at org.openqa.selenium.remote.ElementLocation$ElementFinder$2.findElement(ElementLocation.java:165)
	at org.openqa.selenium.remote.ElementLocation.findElement(ElementLocation.java:59)
	at org.openqa.selenium.remote.RemoteWebDriver.findElement(RemoteWebDriver.java:355)
	at org.openqa.selenium.remote.RemoteWebDriver.findElement(RemoteWebDriver.java:349)
	at org.openqa.selenium.support.pagefactory.DefaultElementLocator.findElement(DefaultElementLocator.java:68)
	at org.openqa.selenium.support.pagefactory.internal.LocatingElementHandler.invoke(LocatingElementHandler.java:38)
	at jdk.proxy2/jdk.proxy2.$Proxy27.getText(Unknown Source)
	at org.example.stepDefs.D08_Wishlist.successNotificationDisplayed(D08_Wishlist.java:29)
	at ✽.success notification displayed(file:///C:/Users/Dina/IdeaProjects/nopCommerce/src/main/resources/features/F08_Wishlist.feature:6)
... Removed 3 stack frames</pre></div><a href='#' onClick='toggleBox("stack-trace1072335823", this, "Click to show all stack frames", "Click to hide stack frames")'>Click to show all stack frames</a>
<div class='stack-trace' id='stack-trace1072335823'><pre>org.openqa.selenium.NoSuchElementException: no such element: Unable to locate element: {&quot;method&quot;:&quot;css selector&quot;,&quot;selector&quot;:&quot;div[class=&quot;bar-notification-container&quot;] p[class=&quot;content&quot;]&quot;}
  (Session info: chrome=119.0.6045.125)
For documentation on this error, please visit: https://www.selenium.dev/documentation/webdriver/troubleshooting/errors#no-such-element-exception
Build info: version: &apos;4.11.0&apos;, revision: &apos;040bc5406b&apos;
System info: os.name: &apos;Windows 10&apos;, os.arch: &apos;amd64&apos;, os.version: &apos;10.0&apos;, java.version: &apos;20.0.1&apos;
Driver info: org.openqa.selenium.chrome.ChromeDriver
Command: [ffe0fbaeb0054aaff5c7bef04865350a, findElement {using=css selector, value=div[class=&quot;bar-notification-container&quot;] p[class=&quot;content&quot;]}]
Capabilities {acceptInsecureCerts: false, browserName: chrome, browserVersion: 119.0.6045.125, chrome: {chromedriverVersion: 119.0.6045.105 (38c72552c5e..., userDataDir: C:\Windows\SystemTemp\scope...}, fedcm:accounts: true, goog:chromeOptions: {debuggerAddress: localhost:51067}, networkConnectionEnabled: false, pageLoadStrategy: normal, platformName: windows, proxy: Proxy(), se:cdp: ws://localhost:51067/devtoo..., se:cdpVersion: 119.0.6045.125, setWindowRect: true, strictFileInteractability: false, timeouts: {implicit: 0, pageLoad: 300000, script: 30000}, unhandledPromptBehavior: dismiss and notify, webauthn:extension:credBlob: true, webauthn:extension:largeBlob: true, webauthn:extension:minPinLength: true, webauthn:extension:prf: true, webauthn:virtualAuthenticators: true}
Session ID: ffe0fbaeb0054aaff5c7bef04865350a
	at java.base/jdk.internal.reflect.DirectConstructorHandleAccessor.newInstance(DirectConstructorHandleAccessor.java:67)
	at java.base/java.lang.reflect.Constructor.newInstanceWithCaller(Constructor.java:500)
	at java.base/java.lang.reflect.Constructor.newInstance(Constructor.java:484)
	at org.openqa.selenium.remote.codec.w3c.W3CHttpResponseCodec.createException(W3CHttpResponseCodec.java:200)
	at org.openqa.selenium.remote.codec.w3c.W3CHttpResponseCodec.decode(W3CHttpResponseCodec.java:133)
	at org.openqa.selenium.remote.codec.w3c.W3CHttpResponseCodec.decode(W3CHttpResponseCodec.java:52)
	at org.openqa.selenium.remote.HttpCommandExecutor.execute(HttpCommandExecutor.java:191)
	at org.openqa.selenium.remote.service.DriverCommandExecutor.invokeExecute(DriverCommandExecutor.java:196)
	at org.openqa.selenium.remote.service.DriverCommandExecutor.execute(DriverCommandExecutor.java:171)
	at org.openqa.selenium.remote.RemoteWebDriver.execute(RemoteWebDriver.java:518)
	at org.openqa.selenium.remote.ElementLocation$ElementFinder$2.findElement(ElementLocation.java:165)
	at org.openqa.selenium.remote.ElementLocation.findElement(ElementLocation.java:59)
	at org.openqa.selenium.remote.RemoteWebDriver.findElement(RemoteWebDriver.java:355)
	at org.openqa.selenium.remote.RemoteWebDriver.findElement(RemoteWebDriver.java:349)
	at org.openqa.selenium.support.pagefactory.DefaultElementLocator.findElement(DefaultElementLocator.java:68)
	at org.openqa.selenium.support.pagefactory.internal.LocatingElementHandler.invoke(LocatingElementHandler.java:38)
	at jdk.proxy2/jdk.proxy2.$Proxy27.getText(Unknown Source)
	at org.example.stepDefs.D08_Wishlist.successNotificationDisplayed(D08_Wishlist.java:29)
	at ✽.success notification displayed(file:///C:/Users/Dina/IdeaProjects/nopCommerce/src/main/resources/features/F08_Wishlist.feature:6)
</pre></div></td>
<td>21</td>
<td>org.example.testRunner.TestRunner@1677d1</td></tr>
<tr>
<td title='org.example.testRunner.TestRunner.runScenario()'><b>runScenario</b><br>Test class: org.example.testRunner.TestRunner<br>Test method: Runs Cucumber Scenarios<br>Parameters: "guest user couldn't register with invalid password", "F01_Register | users could register with new accounts"</td>
<td><div><pre>java.lang.AssertionError: expected [false] but found [true]
	at org.example.stepDefs.D01_Register.errorMessageContainsIsDisplayedUnderPasswordField(D01_Register.java:154)
	at ✽.error message contains &quot;Password must meet the following rules&quot; is displayed under password field(file:///C:/Users/Dina/IdeaProjects/nopCommerce/src/main/resources/features/F01_Register.feature:110)
... Removed 4 stack frames</pre></div><a href='#' onClick='toggleBox("stack-trace276102898", this, "Click to show all stack frames", "Click to hide stack frames")'>Click to show all stack frames</a>
<div class='stack-trace' id='stack-trace276102898'><pre>java.lang.AssertionError: expected [false] but found [true]
	at org.testng.Assert.fail(Assert.java:110)
	at org.testng.Assert.failNotEquals(Assert.java:1577)
	at org.testng.Assert.assertFalse(Assert.java:78)
	at org.testng.Assert.assertFalse(Assert.java:88)
	at org.example.stepDefs.D01_Register.errorMessageContainsIsDisplayedUnderPasswordField(D01_Register.java:154)
	at ✽.error message contains &quot;Password must meet the following rules&quot; is displayed under password field(file:///C:/Users/Dina/IdeaProjects/nopCommerce/src/main/resources/features/F01_Register.feature:110)
</pre></div></td>
<td>15</td>
<td>org.example.testRunner.TestRunner@1677d1</td></tr>
<tr>
<td title='org.example.testRunner.TestRunner.runScenario()'><b>runScenario</b><br>Test class: org.example.testRunner.TestRunner<br>Test method: Runs Cucumber Scenarios<br>Parameters: "guest user couldn't register with invalid email doesn't contain @ and domain", "F01_Register | users could register with new accounts"</td>
<td><div><pre>java.lang.AssertionError: expected [false] but found [true]
	at org.example.stepDefs.D01_Register.errorMessageIsDisplayedUnderEmailField(D01_Register.java:133)
	at ✽.error message &quot;Wrong email&quot; is displayed under email field(file:///C:/Users/Dina/IdeaProjects/nopCommerce/src/main/resources/features/F01_Register.feature:96)
... Removed 4 stack frames</pre></div><a href='#' onClick='toggleBox("stack-trace1099908135", this, "Click to show all stack frames", "Click to hide stack frames")'>Click to show all stack frames</a>
<div class='stack-trace' id='stack-trace1099908135'><pre>java.lang.AssertionError: expected [false] but found [true]
	at org.testng.Assert.fail(Assert.java:110)
	at org.testng.Assert.failNotEquals(Assert.java:1577)
	at org.testng.Assert.assertFalse(Assert.java:78)
	at org.testng.Assert.assertFalse(Assert.java:88)
	at org.example.stepDefs.D01_Register.errorMessageIsDisplayedUnderEmailField(D01_Register.java:133)
	at ✽.error message &quot;Wrong email&quot; is displayed under email field(file:///C:/Users/Dina/IdeaProjects/nopCommerce/src/main/resources/features/F01_Register.feature:96)
</pre></div></td>
<td>14</td>
<td>org.example.testRunner.TestRunner@1677d1</td></tr>
<tr>
<td title='org.example.testRunner.TestRunner.runScenario()'><b>runScenario</b><br>Test class: org.example.testRunner.TestRunner<br>Test method: Runs Cucumber Scenarios<br>Parameters: "guest user couldn't register with invalid email doesn't end with .com", "F01_Register | users could register with new accounts"</td>
<td><div><pre>java.lang.AssertionError: expected [false] but found [true]
	at org.example.stepDefs.D01_Register.errorMessageIsDisplayedUnderEmailField(D01_Register.java:133)
	at ✽.error message &quot;Wrong email&quot; is displayed under email field(file:///C:/Users/Dina/IdeaProjects/nopCommerce/src/main/resources/features/F01_Register.feature:89)
... Removed 4 stack frames</pre></div><a href='#' onClick='toggleBox("stack-trace1976649594", this, "Click to show all stack frames", "Click to hide stack frames")'>Click to show all stack frames</a>
<div class='stack-trace' id='stack-trace1976649594'><pre>java.lang.AssertionError: expected [false] but found [true]
	at org.testng.Assert.fail(Assert.java:110)
	at org.testng.Assert.failNotEquals(Assert.java:1577)
	at org.testng.Assert.assertFalse(Assert.java:78)
	at org.testng.Assert.assertFalse(Assert.java:88)
	at org.example.stepDefs.D01_Register.errorMessageIsDisplayedUnderEmailField(D01_Register.java:133)
	at ✽.error message &quot;Wrong email&quot; is displayed under email field(file:///C:/Users/Dina/IdeaProjects/nopCommerce/src/main/resources/features/F01_Register.feature:89)
</pre></div></td>
<td>16</td>
<td>org.example.testRunner.TestRunner@1677d1</td></tr>
<tr>
<td title='org.example.testRunner.TestRunner.runScenario()'><b>runScenario</b><br>Test class: org.example.testRunner.TestRunner<br>Test method: Runs Cucumber Scenarios<br>Parameters: "second slider is clickable on home page", "F06_homeSliders | The user able to click on sliders on the home page"</td>
<td><div><pre>java.lang.IndexOutOfBoundsException: Index 0 out of bounds for length 0
	at java.base/jdk.internal.util.Preconditions.outOfBounds(Preconditions.java:100)
	at java.base/jdk.internal.util.Preconditions.outOfBoundsCheckIndex(Preconditions.java:106)
	at java.base/jdk.internal.util.Preconditions.checkIndex(Preconditions.java:302)
	at java.base/java.util.Objects.checkIndex(Objects.java:385)
	at java.base/java.util.ArrayList.get(ArrayList.java:427)
	at org.openqa.selenium.support.pagefactory.internal.LocatingElementListHandler.invoke(LocatingElementListHandler.java:39)
	at jdk.proxy2/jdk.proxy2.$Proxy28.get(Unknown Source)
	at org.example.stepDefs.D06_homeSliders.userClicksOnTheSecondSlider(D06_homeSliders.java:37)
	at ✽.user clicks on the second slider(file:///C:/Users/Dina/IdeaProjects/nopCommerce/src/main/resources/features/F06_homeSliders.feature:10)
... Removed 2 stack frames</pre></div><a href='#' onClick='toggleBox("stack-trace1644435721", this, "Click to show all stack frames", "Click to hide stack frames")'>Click to show all stack frames</a>
<div class='stack-trace' id='stack-trace1644435721'><pre>java.lang.IndexOutOfBoundsException: Index 0 out of bounds for length 0
	at java.base/jdk.internal.util.Preconditions.outOfBounds(Preconditions.java:100)
	at java.base/jdk.internal.util.Preconditions.outOfBoundsCheckIndex(Preconditions.java:106)
	at java.base/jdk.internal.util.Preconditions.checkIndex(Preconditions.java:302)
	at java.base/java.util.Objects.checkIndex(Objects.java:385)
	at java.base/java.util.ArrayList.get(ArrayList.java:427)
	at java.base/jdk.internal.reflect.DirectMethodHandleAccessor.invoke(DirectMethodHandleAccessor.java:104)
	at java.base/java.lang.reflect.Method.invoke(Method.java:578)
	at org.openqa.selenium.support.pagefactory.internal.LocatingElementListHandler.invoke(LocatingElementListHandler.java:39)
	at jdk.proxy2/jdk.proxy2.$Proxy28.get(Unknown Source)
	at org.example.stepDefs.D06_homeSliders.userClicksOnTheSecondSlider(D06_homeSliders.java:37)
	at ✽.user clicks on the second slider(file:///C:/Users/Dina/IdeaProjects/nopCommerce/src/main/resources/features/F06_homeSliders.feature:10)
</pre></div></td>
<td>18</td>
<td>org.example.testRunner.TestRunner@1677d1</td></tr>
<tr>
<td title='org.example.testRunner.TestRunner.runScenario()'><b>runScenario</b><br>Test class: org.example.testRunner.TestRunner<br>Test method: Runs Cucumber Scenarios<br>Parameters: "guest user couldn't register with only numbers in first name", "F01_Register | users could register with new accounts"</td>
<td><div><pre>java.lang.AssertionError: expected [false] but found [true]
	at org.example.stepDefs.D01_Register.errorMessageIsDisplayedUnderFirstNameField(D01_Register.java:97)
	at ✽.error message &quot;Wrong first name&quot; is displayed under first name field(file:///C:/Users/Dina/IdeaProjects/nopCommerce/src/main/resources/features/F01_Register.feature:39)
... Removed 4 stack frames</pre></div><a href='#' onClick='toggleBox("stack-trace870990714", this, "Click to show all stack frames", "Click to hide stack frames")'>Click to show all stack frames</a>
<div class='stack-trace' id='stack-trace870990714'><pre>java.lang.AssertionError: expected [false] but found [true]
	at org.testng.Assert.fail(Assert.java:110)
	at org.testng.Assert.failNotEquals(Assert.java:1577)
	at org.testng.Assert.assertFalse(Assert.java:78)
	at org.testng.Assert.assertFalse(Assert.java:88)
	at org.example.stepDefs.D01_Register.errorMessageIsDisplayedUnderFirstNameField(D01_Register.java:97)
	at ✽.error message &quot;Wrong first name&quot; is displayed under first name field(file:///C:/Users/Dina/IdeaProjects/nopCommerce/src/main/resources/features/F01_Register.feature:39)
</pre></div></td>
<td>29</td>
<td>org.example.testRunner.TestRunner@1677d1</td></tr>
<tr>
<td title='org.example.testRunner.TestRunner.runScenario()'><b>runScenario</b><br>Test class: org.example.testRunner.TestRunner<br>Test method: Runs Cucumber Scenarios<br>Parameters: "guest user couldn't register with invalid password", "F01_Register | users could register with new accounts"</td>
<td><div><pre>java.lang.AssertionError: expected [false] but found [true]
	at org.example.stepDefs.D01_Register.errorMessageContainsIsDisplayedUnderPasswordField(D01_Register.java:154)
	at ✽.error message contains &quot;Password must meet the following rules&quot; is displayed under password field(file:///C:/Users/Dina/IdeaProjects/nopCommerce/src/main/resources/features/F01_Register.feature:110)
... Removed 4 stack frames</pre></div><a href='#' onClick='toggleBox("stack-trace1263622657", this, "Click to show all stack frames", "Click to hide stack frames")'>Click to show all stack frames</a>
<div class='stack-trace' id='stack-trace1263622657'><pre>java.lang.AssertionError: expected [false] but found [true]
	at org.testng.Assert.fail(Assert.java:110)
	at org.testng.Assert.failNotEquals(Assert.java:1577)
	at org.testng.Assert.assertFalse(Assert.java:78)
	at org.testng.Assert.assertFalse(Assert.java:88)
	at org.example.stepDefs.D01_Register.errorMessageContainsIsDisplayedUnderPasswordField(D01_Register.java:154)
	at ✽.error message contains &quot;Password must meet the following rules&quot; is displayed under password field(file:///C:/Users/Dina/IdeaProjects/nopCommerce/src/main/resources/features/F01_Register.feature:110)
</pre></div></td>
<td>15</td>
<td>org.example.testRunner.TestRunner@1677d1</td></tr>
<tr>
<td title='org.example.testRunner.TestRunner.runScenario()'><b>runScenario</b><br>Test class: org.example.testRunner.TestRunner<br>Test method: Runs Cucumber Scenarios<br>Parameters: "user could search using category name", "F04_Search | The user able to search"</td>
<td><div><pre>java.lang.AssertionError: The following asserts failed:
	expected [true] but found [false],
	expected [true] but found [false],
	expected [true] but found [false]
	at org.example.stepDefs.D04_Search.searchRelevantResultsAppears(D04_Search.java:82)
	at ✽.search relevant results appears &quot;Cell phone&quot;(file:///C:/Users/Dina/IdeaProjects/nopCommerce/src/main/resources/features/F04_Search.feature:29)
... Removed 2 stack frames</pre></div><a href='#' onClick='toggleBox("stack-trace511958674", this, "Click to show all stack frames", "Click to hide stack frames")'>Click to show all stack frames</a>
<div class='stack-trace' id='stack-trace511958674'><pre>java.lang.AssertionError: The following asserts failed:
	expected [true] but found [false],
	expected [true] but found [false],
	expected [true] but found [false]
	at org.testng.asserts.SoftAssert.assertAll(SoftAssert.java:46)
	at org.testng.asserts.SoftAssert.assertAll(SoftAssert.java:30)
	at org.example.stepDefs.D04_Search.searchRelevantResultsAppears(D04_Search.java:82)
	at ✽.search relevant results appears &quot;Cell phone&quot;(file:///C:/Users/Dina/IdeaProjects/nopCommerce/src/main/resources/features/F04_Search.feature:29)
</pre></div></td>
<td>16</td>
<td>org.example.testRunner.TestRunner@1677d1</td></tr>
<tr>
<td title='org.example.testRunner.TestRunner.runScenario()'><b>runScenario</b><br>Test class: org.example.testRunner.TestRunner<br>Test method: Runs Cucumber Scenarios<br>Parameters: "guest user couldn't register with special character in first name", "F01_Register | users could register with new accounts"</td>
<td><div><pre>java.lang.AssertionError: expected [false] but found [true]
	at org.example.stepDefs.D01_Register.errorMessageIsDisplayedUnderFirstNameField(D01_Register.java:97)
	at ✽.error message &quot;Wrong first name&quot; is displayed under first name field(file:///C:/Users/Dina/IdeaProjects/nopCommerce/src/main/resources/features/F01_Register.feature:48)
... Removed 4 stack frames</pre></div><a href='#' onClick='toggleBox("stack-trace1358466282", this, "Click to show all stack frames", "Click to hide stack frames")'>Click to show all stack frames</a>
<div class='stack-trace' id='stack-trace1358466282'><pre>java.lang.AssertionError: expected [false] but found [true]
	at org.testng.Assert.fail(Assert.java:110)
	at org.testng.Assert.failNotEquals(Assert.java:1577)
	at org.testng.Assert.assertFalse(Assert.java:78)
	at org.testng.Assert.assertFalse(Assert.java:88)
	at org.example.stepDefs.D01_Register.errorMessageIsDisplayedUnderFirstNameField(D01_Register.java:97)
	at ✽.error message &quot;Wrong first name&quot; is displayed under first name field(file:///C:/Users/Dina/IdeaProjects/nopCommerce/src/main/resources/features/F01_Register.feature:48)
</pre></div></td>
<td>16</td>
<td>org.example.testRunner.TestRunner@1677d1</td></tr>
<tr>
<td title='org.example.testRunner.TestRunner.runScenario()'><b>runScenario</b><br>Test class: org.example.testRunner.TestRunner<br>Test method: Runs Cucumber Scenarios<br>Parameters: "user could search using product name", "F04_Search | The user able to search"</td>
<td><div><pre>java.lang.AssertionError: The following asserts failed:
	expected [true] but found [false],
	expected [true] but found [false],
	expected [true] but found [false],
	expected [true] but found [false],
	expected [true] but found [false]
	at org.example.stepDefs.D04_Search.searchRelevantResultsAppears(D04_Search.java:82)
	at ✽.search relevant results appears &quot;book&quot;(file:///C:/Users/Dina/IdeaProjects/nopCommerce/src/main/resources/features/F04_Search.feature:6)
... Removed 2 stack frames</pre></div><a href='#' onClick='toggleBox("stack-trace1485187540", this, "Click to show all stack frames", "Click to hide stack frames")'>Click to show all stack frames</a>
<div class='stack-trace' id='stack-trace1485187540'><pre>java.lang.AssertionError: The following asserts failed:
	expected [true] but found [false],
	expected [true] but found [false],
	expected [true] but found [false],
	expected [true] but found [false],
	expected [true] but found [false]
	at org.testng.asserts.SoftAssert.assertAll(SoftAssert.java:46)
	at org.testng.asserts.SoftAssert.assertAll(SoftAssert.java:30)
	at org.example.stepDefs.D04_Search.searchRelevantResultsAppears(D04_Search.java:82)
	at ✽.search relevant results appears &quot;book&quot;(file:///C:/Users/Dina/IdeaProjects/nopCommerce/src/main/resources/features/F04_Search.feature:6)
</pre></div></td>
<td>14</td>
<td>org.example.testRunner.TestRunner@1677d1</td></tr>
<tr>
<td title='org.example.testRunner.TestRunner.runScenario()'><b>runScenario</b><br>Test class: org.example.testRunner.TestRunner<br>Test method: Runs Cucumber Scenarios<br>Parameters: "User re-click on wish button to remove item from wishlist", "F08_Wishlist | The user can use the functionality of adding products to wishlist successfully"</td>
<td><div><pre>java.lang.AssertionError: expected [(0)] but found [(1)]
	at org.example.stepDefs.D08_Wishlist.itemRemovedFromWishlist(D08_Wishlist.java:71)
	at ✽.item removed from wishlist(file:///C:/Users/Dina/IdeaProjects/nopCommerce/src/main/resources/features/F08_Wishlist.feature:28)
... Removed 6 stack frames</pre></div><a href='#' onClick='toggleBox("stack-trace1321158509", this, "Click to show all stack frames", "Click to hide stack frames")'>Click to show all stack frames</a>
<div class='stack-trace' id='stack-trace1321158509'><pre>java.lang.AssertionError: expected [(0)] but found [(1)]
	at org.testng.Assert.fail(Assert.java:110)
	at org.testng.Assert.failNotEquals(Assert.java:1577)
	at org.testng.Assert.assertEqualsImpl(Assert.java:149)
	at org.testng.Assert.assertEquals(Assert.java:131)
	at org.testng.Assert.assertEquals(Assert.java:655)
	at org.testng.Assert.assertEquals(Assert.java:665)
	at org.example.stepDefs.D08_Wishlist.itemRemovedFromWishlist(D08_Wishlist.java:71)
	at ✽.item removed from wishlist(file:///C:/Users/Dina/IdeaProjects/nopCommerce/src/main/resources/features/F08_Wishlist.feature:28)
</pre></div></td>
<td>15</td>
<td>org.example.testRunner.TestRunner@1677d1</td></tr>
<tr>
<td title='org.example.testRunner.TestRunner.runScenario()'><b>runScenario</b><br>Test class: org.example.testRunner.TestRunner<br>Test method: Runs Cucumber Scenarios<br>Parameters: "guest user couldn't register with only numbers in last name", "F01_Register | users could register with new accounts"</td>
<td><div><pre>java.lang.AssertionError: expected [false] but found [true]
	at org.example.stepDefs.D01_Register.errorMessageIsDisplayedUnderLastNameField(D01_Register.java:115)
	at ✽.error message &quot;Wrong last name&quot; is displayed under last name field(file:///C:/Users/Dina/IdeaProjects/nopCommerce/src/main/resources/features/F01_Register.feature:66)
... Removed 4 stack frames</pre></div><a href='#' onClick='toggleBox("stack-trace169871956", this, "Click to show all stack frames", "Click to hide stack frames")'>Click to show all stack frames</a>
<div class='stack-trace' id='stack-trace169871956'><pre>java.lang.AssertionError: expected [false] but found [true]
	at org.testng.Assert.fail(Assert.java:110)
	at org.testng.Assert.failNotEquals(Assert.java:1577)
	at org.testng.Assert.assertFalse(Assert.java:78)
	at org.testng.Assert.assertFalse(Assert.java:88)
	at org.example.stepDefs.D01_Register.errorMessageIsDisplayedUnderLastNameField(D01_Register.java:115)
	at ✽.error message &quot;Wrong last name&quot; is displayed under last name field(file:///C:/Users/Dina/IdeaProjects/nopCommerce/src/main/resources/features/F01_Register.feature:66)
</pre></div></td>
<td>14</td>
<td>org.example.testRunner.TestRunner@1677d1</td></tr>
<tr>
<td title='org.example.testRunner.TestRunner.runScenario()'><b>runScenario</b><br>Test class: org.example.testRunner.TestRunner<br>Test method: Runs Cucumber Scenarios<br>Parameters: "Add to cart button is clickable", "F09_ShoppingCart | The user can use the functionality of adding products to cart successfully"</td>
<td><div><pre>org.openqa.selenium.NoSuchElementException: no such element: Unable to locate element: {&quot;method&quot;:&quot;css selector&quot;,&quot;selector&quot;:&quot;div[class=&quot;bar-notification-container&quot;] p[class=&quot;content&quot;]&quot;}
  (Session info: chrome=119.0.6045.125)
For documentation on this error, please visit: https://www.selenium.dev/documentation/webdriver/troubleshooting/errors#no-such-element-exception
Build info: version: &apos;4.11.0&apos;, revision: &apos;040bc5406b&apos;
System info: os.name: &apos;Windows 10&apos;, os.arch: &apos;amd64&apos;, os.version: &apos;10.0&apos;, java.version: &apos;20.0.1&apos;
Driver info: org.openqa.selenium.chrome.ChromeDriver
Command: [60814038f998539b69f9e5c8fc35c32b, findElement {using=css selector, value=div[class=&quot;bar-notification-container&quot;] p[class=&quot;content&quot;]}]
Capabilities {acceptInsecureCerts: false, browserName: chrome, browserVersion: 119.0.6045.125, chrome: {chromedriverVersion: 119.0.6045.105 (38c72552c5e..., userDataDir: C:\Windows\SystemTemp\scope...}, fedcm:accounts: true, goog:chromeOptions: {debuggerAddress: localhost:51420}, networkConnectionEnabled: false, pageLoadStrategy: normal, platformName: windows, proxy: Proxy(), se:cdp: ws://localhost:51420/devtoo..., se:cdpVersion: 119.0.6045.125, setWindowRect: true, strictFileInteractability: false, timeouts: {implicit: 0, pageLoad: 300000, script: 30000}, unhandledPromptBehavior: dismiss and notify, webauthn:extension:credBlob: true, webauthn:extension:largeBlob: true, webauthn:extension:minPinLength: true, webauthn:extension:prf: true, webauthn:virtualAuthenticators: true}
Session ID: 60814038f998539b69f9e5c8fc35c32b
	at org.openqa.selenium.remote.codec.w3c.W3CHttpResponseCodec.createException(W3CHttpResponseCodec.java:200)
	at org.openqa.selenium.remote.codec.w3c.W3CHttpResponseCodec.decode(W3CHttpResponseCodec.java:133)
	at org.openqa.selenium.remote.codec.w3c.W3CHttpResponseCodec.decode(W3CHttpResponseCodec.java:52)
	at org.openqa.selenium.remote.HttpCommandExecutor.execute(HttpCommandExecutor.java:191)
	at org.openqa.selenium.remote.service.DriverCommandExecutor.invokeExecute(DriverCommandExecutor.java:196)
	at org.openqa.selenium.remote.service.DriverCommandExecutor.execute(DriverCommandExecutor.java:171)
	at org.openqa.selenium.remote.RemoteWebDriver.execute(RemoteWebDriver.java:518)
	at org.openqa.selenium.remote.ElementLocation$ElementFinder$2.findElement(ElementLocation.java:165)
	at org.openqa.selenium.remote.ElementLocation.findElement(ElementLocation.java:59)
	at org.openqa.selenium.remote.RemoteWebDriver.findElement(RemoteWebDriver.java:355)
	at org.openqa.selenium.remote.RemoteWebDriver.findElement(RemoteWebDriver.java:349)
	at org.openqa.selenium.support.pagefactory.DefaultElementLocator.findElement(DefaultElementLocator.java:68)
	at org.openqa.selenium.support.pagefactory.internal.LocatingElementHandler.invoke(LocatingElementHandler.java:38)
	at jdk.proxy2/jdk.proxy2.$Proxy27.getText(Unknown Source)
	at org.example.stepDefs.D09_ShoppingCart.successNotificationAppeared(D09_ShoppingCart.java:30)
	at ✽.success notification appeared(file:///C:/Users/Dina/IdeaProjects/nopCommerce/src/main/resources/features/F09_ShoppingCart.feature:6)
... Removed 3 stack frames</pre></div><a href='#' onClick='toggleBox("stack-trace214900473", this, "Click to show all stack frames", "Click to hide stack frames")'>Click to show all stack frames</a>
<div class='stack-trace' id='stack-trace214900473'><pre>org.openqa.selenium.NoSuchElementException: no such element: Unable to locate element: {&quot;method&quot;:&quot;css selector&quot;,&quot;selector&quot;:&quot;div[class=&quot;bar-notification-container&quot;] p[class=&quot;content&quot;]&quot;}
  (Session info: chrome=119.0.6045.125)
For documentation on this error, please visit: https://www.selenium.dev/documentation/webdriver/troubleshooting/errors#no-such-element-exception
Build info: version: &apos;4.11.0&apos;, revision: &apos;040bc5406b&apos;
System info: os.name: &apos;Windows 10&apos;, os.arch: &apos;amd64&apos;, os.version: &apos;10.0&apos;, java.version: &apos;20.0.1&apos;
Driver info: org.openqa.selenium.chrome.ChromeDriver
Command: [60814038f998539b69f9e5c8fc35c32b, findElement {using=css selector, value=div[class=&quot;bar-notification-container&quot;] p[class=&quot;content&quot;]}]
Capabilities {acceptInsecureCerts: false, browserName: chrome, browserVersion: 119.0.6045.125, chrome: {chromedriverVersion: 119.0.6045.105 (38c72552c5e..., userDataDir: C:\Windows\SystemTemp\scope...}, fedcm:accounts: true, goog:chromeOptions: {debuggerAddress: localhost:51420}, networkConnectionEnabled: false, pageLoadStrategy: normal, platformName: windows, proxy: Proxy(), se:cdp: ws://localhost:51420/devtoo..., se:cdpVersion: 119.0.6045.125, setWindowRect: true, strictFileInteractability: false, timeouts: {implicit: 0, pageLoad: 300000, script: 30000}, unhandledPromptBehavior: dismiss and notify, webauthn:extension:credBlob: true, webauthn:extension:largeBlob: true, webauthn:extension:minPinLength: true, webauthn:extension:prf: true, webauthn:virtualAuthenticators: true}
Session ID: 60814038f998539b69f9e5c8fc35c32b
	at java.base/jdk.internal.reflect.DirectConstructorHandleAccessor.newInstance(DirectConstructorHandleAccessor.java:67)
	at java.base/java.lang.reflect.Constructor.newInstanceWithCaller(Constructor.java:500)
	at java.base/java.lang.reflect.Constructor.newInstance(Constructor.java:484)
	at org.openqa.selenium.remote.codec.w3c.W3CHttpResponseCodec.createException(W3CHttpResponseCodec.java:200)
	at org.openqa.selenium.remote.codec.w3c.W3CHttpResponseCodec.decode(W3CHttpResponseCodec.java:133)
	at org.openqa.selenium.remote.codec.w3c.W3CHttpResponseCodec.decode(W3CHttpResponseCodec.java:52)
	at org.openqa.selenium.remote.HttpCommandExecutor.execute(HttpCommandExecutor.java:191)
	at org.openqa.selenium.remote.service.DriverCommandExecutor.invokeExecute(DriverCommandExecutor.java:196)
	at org.openqa.selenium.remote.service.DriverCommandExecutor.execute(DriverCommandExecutor.java:171)
	at org.openqa.selenium.remote.RemoteWebDriver.execute(RemoteWebDriver.java:518)
	at org.openqa.selenium.remote.ElementLocation$ElementFinder$2.findElement(ElementLocation.java:165)
	at org.openqa.selenium.remote.ElementLocation.findElement(ElementLocation.java:59)
	at org.openqa.selenium.remote.RemoteWebDriver.findElement(RemoteWebDriver.java:355)
	at org.openqa.selenium.remote.RemoteWebDriver.findElement(RemoteWebDriver.java:349)
	at org.openqa.selenium.support.pagefactory.DefaultElementLocator.findElement(DefaultElementLocator.java:68)
	at org.openqa.selenium.support.pagefactory.internal.LocatingElementHandler.invoke(LocatingElementHandler.java:38)
	at jdk.proxy2/jdk.proxy2.$Proxy27.getText(Unknown Source)
	at org.example.stepDefs.D09_ShoppingCart.successNotificationAppeared(D09_ShoppingCart.java:30)
	at ✽.success notification appeared(file:///C:/Users/Dina/IdeaProjects/nopCommerce/src/main/resources/features/F09_ShoppingCart.feature:6)
</pre></div></td>
<td>13</td>
<td>org.example.testRunner.TestRunner@1677d1</td></tr>
<tr>
<td title='org.example.testRunner.TestRunner.runScenario()'><b>runScenario</b><br>Test class: org.example.testRunner.TestRunner<br>Test method: Runs Cucumber Scenarios<br>Parameters: "wish button is clickable", "F08_Wishlist | The user can use the functionality of adding products to wishlist successfully"</td>
<td><div><pre>org.openqa.selenium.NoSuchElementException: no such element: Unable to locate element: {&quot;method&quot;:&quot;css selector&quot;,&quot;selector&quot;:&quot;div[class=&quot;bar-notification-container&quot;] p[class=&quot;content&quot;]&quot;}
  (Session info: chrome=119.0.6045.125)
For documentation on this error, please visit: https://www.selenium.dev/documentation/webdriver/troubleshooting/errors#no-such-element-exception
Build info: version: &apos;4.11.0&apos;, revision: &apos;040bc5406b&apos;
System info: os.name: &apos;Windows 10&apos;, os.arch: &apos;amd64&apos;, os.version: &apos;10.0&apos;, java.version: &apos;20.0.1&apos;
Driver info: org.openqa.selenium.chrome.ChromeDriver
Command: [0aa9f61a28b8c4ffb02ec4ff87f579ea, findElement {using=css selector, value=div[class=&quot;bar-notification-container&quot;] p[class=&quot;content&quot;]}]
Capabilities {acceptInsecureCerts: false, browserName: chrome, browserVersion: 119.0.6045.125, chrome: {chromedriverVersion: 119.0.6045.105 (38c72552c5e..., userDataDir: C:\Windows\SystemTemp\scope...}, fedcm:accounts: true, goog:chromeOptions: {debuggerAddress: localhost:51200}, networkConnectionEnabled: false, pageLoadStrategy: normal, platformName: windows, proxy: Proxy(), se:cdp: ws://localhost:51200/devtoo..., se:cdpVersion: 119.0.6045.125, setWindowRect: true, strictFileInteractability: false, timeouts: {implicit: 0, pageLoad: 300000, script: 30000}, unhandledPromptBehavior: dismiss and notify, webauthn:extension:credBlob: true, webauthn:extension:largeBlob: true, webauthn:extension:minPinLength: true, webauthn:extension:prf: true, webauthn:virtualAuthenticators: true}
Session ID: 0aa9f61a28b8c4ffb02ec4ff87f579ea
	at org.openqa.selenium.remote.codec.w3c.W3CHttpResponseCodec.createException(W3CHttpResponseCodec.java:200)
	at org.openqa.selenium.remote.codec.w3c.W3CHttpResponseCodec.decode(W3CHttpResponseCodec.java:133)
	at org.openqa.selenium.remote.codec.w3c.W3CHttpResponseCodec.decode(W3CHttpResponseCodec.java:52)
	at org.openqa.selenium.remote.HttpCommandExecutor.execute(HttpCommandExecutor.java:191)
	at org.openqa.selenium.remote.service.DriverCommandExecutor.invokeExecute(DriverCommandExecutor.java:196)
	at org.openqa.selenium.remote.service.DriverCommandExecutor.execute(DriverCommandExecutor.java:171)
	at org.openqa.selenium.remote.RemoteWebDriver.execute(RemoteWebDriver.java:518)
	at org.openqa.selenium.remote.ElementLocation$ElementFinder$2.findElement(ElementLocation.java:165)
	at org.openqa.selenium.remote.ElementLocation.findElement(ElementLocation.java:59)
	at org.openqa.selenium.remote.RemoteWebDriver.findElement(RemoteWebDriver.java:355)
	at org.openqa.selenium.remote.RemoteWebDriver.findElement(RemoteWebDriver.java:349)
	at org.openqa.selenium.support.pagefactory.DefaultElementLocator.findElement(DefaultElementLocator.java:68)
	at org.openqa.selenium.support.pagefactory.internal.LocatingElementHandler.invoke(LocatingElementHandler.java:38)
	at jdk.proxy2/jdk.proxy2.$Proxy27.getText(Unknown Source)
	at org.example.stepDefs.D08_Wishlist.successNotificationDisplayed(D08_Wishlist.java:29)
	at ✽.success notification displayed(file:///C:/Users/Dina/IdeaProjects/nopCommerce/src/main/resources/features/F08_Wishlist.feature:6)
... Removed 3 stack frames</pre></div><a href='#' onClick='toggleBox("stack-trace1570735558", this, "Click to show all stack frames", "Click to hide stack frames")'>Click to show all stack frames</a>
<div class='stack-trace' id='stack-trace1570735558'><pre>org.openqa.selenium.NoSuchElementException: no such element: Unable to locate element: {&quot;method&quot;:&quot;css selector&quot;,&quot;selector&quot;:&quot;div[class=&quot;bar-notification-container&quot;] p[class=&quot;content&quot;]&quot;}
  (Session info: chrome=119.0.6045.125)
For documentation on this error, please visit: https://www.selenium.dev/documentation/webdriver/troubleshooting/errors#no-such-element-exception
Build info: version: &apos;4.11.0&apos;, revision: &apos;040bc5406b&apos;
System info: os.name: &apos;Windows 10&apos;, os.arch: &apos;amd64&apos;, os.version: &apos;10.0&apos;, java.version: &apos;20.0.1&apos;
Driver info: org.openqa.selenium.chrome.ChromeDriver
Command: [0aa9f61a28b8c4ffb02ec4ff87f579ea, findElement {using=css selector, value=div[class=&quot;bar-notification-container&quot;] p[class=&quot;content&quot;]}]
Capabilities {acceptInsecureCerts: false, browserName: chrome, browserVersion: 119.0.6045.125, chrome: {chromedriverVersion: 119.0.6045.105 (38c72552c5e..., userDataDir: C:\Windows\SystemTemp\scope...}, fedcm:accounts: true, goog:chromeOptions: {debuggerAddress: localhost:51200}, networkConnectionEnabled: false, pageLoadStrategy: normal, platformName: windows, proxy: Proxy(), se:cdp: ws://localhost:51200/devtoo..., se:cdpVersion: 119.0.6045.125, setWindowRect: true, strictFileInteractability: false, timeouts: {implicit: 0, pageLoad: 300000, script: 30000}, unhandledPromptBehavior: dismiss and notify, webauthn:extension:credBlob: true, webauthn:extension:largeBlob: true, webauthn:extension:minPinLength: true, webauthn:extension:prf: true, webauthn:virtualAuthenticators: true}
Session ID: 0aa9f61a28b8c4ffb02ec4ff87f579ea
	at java.base/jdk.internal.reflect.DirectConstructorHandleAccessor.newInstance(DirectConstructorHandleAccessor.java:67)
	at java.base/java.lang.reflect.Constructor.newInstanceWithCaller(Constructor.java:500)
	at java.base/java.lang.reflect.Constructor.newInstance(Constructor.java:484)
	at org.openqa.selenium.remote.codec.w3c.W3CHttpResponseCodec.createException(W3CHttpResponseCodec.java:200)
	at org.openqa.selenium.remote.codec.w3c.W3CHttpResponseCodec.decode(W3CHttpResponseCodec.java:133)
	at org.openqa.selenium.remote.codec.w3c.W3CHttpResponseCodec.decode(W3CHttpResponseCodec.java:52)
	at org.openqa.selenium.remote.HttpCommandExecutor.execute(HttpCommandExecutor.java:191)
	at org.openqa.selenium.remote.service.DriverCommandExecutor.invokeExecute(DriverCommandExecutor.java:196)
	at org.openqa.selenium.remote.service.DriverCommandExecutor.execute(DriverCommandExecutor.java:171)
	at org.openqa.selenium.remote.RemoteWebDriver.execute(RemoteWebDriver.java:518)
	at org.openqa.selenium.remote.ElementLocation$ElementFinder$2.findElement(ElementLocation.java:165)
	at org.openqa.selenium.remote.ElementLocation.findElement(ElementLocation.java:59)
	at org.openqa.selenium.remote.RemoteWebDriver.findElement(RemoteWebDriver.java:355)
	at org.openqa.selenium.remote.RemoteWebDriver.findElement(RemoteWebDriver.java:349)
	at org.openqa.selenium.support.pagefactory.DefaultElementLocator.findElement(DefaultElementLocator.java:68)
	at org.openqa.selenium.support.pagefactory.internal.LocatingElementHandler.invoke(LocatingElementHandler.java:38)
	at jdk.proxy2/jdk.proxy2.$Proxy27.getText(Unknown Source)
	at org.example.stepDefs.D08_Wishlist.successNotificationDisplayed(D08_Wishlist.java:29)
	at ✽.success notification displayed(file:///C:/Users/Dina/IdeaProjects/nopCommerce/src/main/resources/features/F08_Wishlist.feature:6)
</pre></div></td>
<td>20</td>
<td>org.example.testRunner.TestRunner@1677d1</td></tr>
<tr>
<td title='org.example.testRunner.TestRunner.runScenario()'><b>runScenario</b><br>Test class: org.example.testRunner.TestRunner<br>Test method: Runs Cucumber Scenarios<br>Parameters: "guest user couldn't register with special character in first name", "F01_Register | users could register with new accounts"</td>
<td><div><pre>java.lang.AssertionError: expected [false] but found [true]
	at org.example.stepDefs.D01_Register.errorMessageIsDisplayedUnderLastNameField(D01_Register.java:115)
	at ✽.error message &quot;Wrong last name&quot; is displayed under last name field(file:///C:/Users/Dina/IdeaProjects/nopCommerce/src/main/resources/features/F01_Register.feature:75)
... Removed 4 stack frames</pre></div><a href='#' onClick='toggleBox("stack-trace190476512", this, "Click to show all stack frames", "Click to hide stack frames")'>Click to show all stack frames</a>
<div class='stack-trace' id='stack-trace190476512'><pre>java.lang.AssertionError: expected [false] but found [true]
	at org.testng.Assert.fail(Assert.java:110)
	at org.testng.Assert.failNotEquals(Assert.java:1577)
	at org.testng.Assert.assertFalse(Assert.java:78)
	at org.testng.Assert.assertFalse(Assert.java:88)
	at org.example.stepDefs.D01_Register.errorMessageIsDisplayedUnderLastNameField(D01_Register.java:115)
	at ✽.error message &quot;Wrong last name&quot; is displayed under last name field(file:///C:/Users/Dina/IdeaProjects/nopCommerce/src/main/resources/features/F01_Register.feature:75)
</pre></div></td>
<td>13</td>
<td>org.example.testRunner.TestRunner@1677d1</td></tr>
<tr>
<td title='org.example.testRunner.TestRunner.runScenario()'><b>runScenario</b><br>Test class: org.example.testRunner.TestRunner<br>Test method: Runs Cucumber Scenarios<br>Parameters: "guest user couldn't register with invalid password", "F01_Register | users could register with new accounts"</td>
<td><div><pre>java.lang.AssertionError: expected [false] but found [true]
	at org.example.stepDefs.D01_Register.errorMessageContainsIsDisplayedUnderPasswordField(D01_Register.java:154)
	at ✽.error message contains &quot;Password must meet the following rules&quot; is displayed under password field(file:///C:/Users/Dina/IdeaProjects/nopCommerce/src/main/resources/features/F01_Register.feature:110)
... Removed 4 stack frames</pre></div><a href='#' onClick='toggleBox("stack-trace290260209", this, "Click to show all stack frames", "Click to hide stack frames")'>Click to show all stack frames</a>
<div class='stack-trace' id='stack-trace290260209'><pre>java.lang.AssertionError: expected [false] but found [true]
	at org.testng.Assert.fail(Assert.java:110)
	at org.testng.Assert.failNotEquals(Assert.java:1577)
	at org.testng.Assert.assertFalse(Assert.java:78)
	at org.testng.Assert.assertFalse(Assert.java:88)
	at org.example.stepDefs.D01_Register.errorMessageContainsIsDisplayedUnderPasswordField(D01_Register.java:154)
	at ✽.error message contains &quot;Password must meet the following rules&quot; is displayed under password field(file:///C:/Users/Dina/IdeaProjects/nopCommerce/src/main/resources/features/F01_Register.feature:110)
</pre></div></td>
<td>18</td>
<td>org.example.testRunner.TestRunner@1677d1</td></tr>
<tr>
<td title='org.example.testRunner.TestRunner.runScenario()'><b>runScenario</b><br>Test class: org.example.testRunner.TestRunner<br>Test method: Runs Cucumber Scenarios<br>Parameters: "wish button is clickable", "F08_Wishlist | The user can use the functionality of adding products to wishlist successfully"</td>
<td><div><pre>org.openqa.selenium.NoSuchElementException: no such element: Unable to locate element: {&quot;method&quot;:&quot;css selector&quot;,&quot;selector&quot;:&quot;div[class=&quot;bar-notification-container&quot;] p[class=&quot;content&quot;]&quot;}
  (Session info: chrome=119.0.6045.125)
For documentation on this error, please visit: https://www.selenium.dev/documentation/webdriver/troubleshooting/errors#no-such-element-exception
Build info: version: &apos;4.11.0&apos;, revision: &apos;040bc5406b&apos;
System info: os.name: &apos;Windows 10&apos;, os.arch: &apos;amd64&apos;, os.version: &apos;10.0&apos;, java.version: &apos;20.0.1&apos;
Driver info: org.openqa.selenium.chrome.ChromeDriver
Command: [18e97a2920411f381c5056caa210ca01, findElement {using=css selector, value=div[class=&quot;bar-notification-container&quot;] p[class=&quot;content&quot;]}]
Capabilities {acceptInsecureCerts: false, browserName: chrome, browserVersion: 119.0.6045.125, chrome: {chromedriverVersion: 119.0.6045.105 (38c72552c5e..., userDataDir: C:\Windows\SystemTemp\scope...}, fedcm:accounts: true, goog:chromeOptions: {debuggerAddress: localhost:51107}, networkConnectionEnabled: false, pageLoadStrategy: normal, platformName: windows, proxy: Proxy(), se:cdp: ws://localhost:51107/devtoo..., se:cdpVersion: 119.0.6045.125, setWindowRect: true, strictFileInteractability: false, timeouts: {implicit: 0, pageLoad: 300000, script: 30000}, unhandledPromptBehavior: dismiss and notify, webauthn:extension:credBlob: true, webauthn:extension:largeBlob: true, webauthn:extension:minPinLength: true, webauthn:extension:prf: true, webauthn:virtualAuthenticators: true}
Session ID: 18e97a2920411f381c5056caa210ca01
	at org.openqa.selenium.remote.codec.w3c.W3CHttpResponseCodec.createException(W3CHttpResponseCodec.java:200)
	at org.openqa.selenium.remote.codec.w3c.W3CHttpResponseCodec.decode(W3CHttpResponseCodec.java:133)
	at org.openqa.selenium.remote.codec.w3c.W3CHttpResponseCodec.decode(W3CHttpResponseCodec.java:52)
	at org.openqa.selenium.remote.HttpCommandExecutor.execute(HttpCommandExecutor.java:191)
	at org.openqa.selenium.remote.service.DriverCommandExecutor.invokeExecute(DriverCommandExecutor.java:196)
	at org.openqa.selenium.remote.service.DriverCommandExecutor.execute(DriverCommandExecutor.java:171)
	at org.openqa.selenium.remote.RemoteWebDriver.execute(RemoteWebDriver.java:518)
	at org.openqa.selenium.remote.ElementLocation$ElementFinder$2.findElement(ElementLocation.java:165)
	at org.openqa.selenium.remote.ElementLocation.findElement(ElementLocation.java:59)
	at org.openqa.selenium.remote.RemoteWebDriver.findElement(RemoteWebDriver.java:355)
	at org.openqa.selenium.remote.RemoteWebDriver.findElement(RemoteWebDriver.java:349)
	at org.openqa.selenium.support.pagefactory.DefaultElementLocator.findElement(DefaultElementLocator.java:68)
	at org.openqa.selenium.support.pagefactory.internal.LocatingElementHandler.invoke(LocatingElementHandler.java:38)
	at jdk.proxy2/jdk.proxy2.$Proxy27.getText(Unknown Source)
	at org.example.stepDefs.D08_Wishlist.successNotificationDisplayed(D08_Wishlist.java:29)
	at ✽.success notification displayed(file:///C:/Users/Dina/IdeaProjects/nopCommerce/src/main/resources/features/F08_Wishlist.feature:6)
... Removed 3 stack frames</pre></div><a href='#' onClick='toggleBox("stack-trace1746800962", this, "Click to show all stack frames", "Click to hide stack frames")'>Click to show all stack frames</a>
<div class='stack-trace' id='stack-trace1746800962'><pre>org.openqa.selenium.NoSuchElementException: no such element: Unable to locate element: {&quot;method&quot;:&quot;css selector&quot;,&quot;selector&quot;:&quot;div[class=&quot;bar-notification-container&quot;] p[class=&quot;content&quot;]&quot;}
  (Session info: chrome=119.0.6045.125)
For documentation on this error, please visit: https://www.selenium.dev/documentation/webdriver/troubleshooting/errors#no-such-element-exception
Build info: version: &apos;4.11.0&apos;, revision: &apos;040bc5406b&apos;
System info: os.name: &apos;Windows 10&apos;, os.arch: &apos;amd64&apos;, os.version: &apos;10.0&apos;, java.version: &apos;20.0.1&apos;
Driver info: org.openqa.selenium.chrome.ChromeDriver
Command: [18e97a2920411f381c5056caa210ca01, findElement {using=css selector, value=div[class=&quot;bar-notification-container&quot;] p[class=&quot;content&quot;]}]
Capabilities {acceptInsecureCerts: false, browserName: chrome, browserVersion: 119.0.6045.125, chrome: {chromedriverVersion: 119.0.6045.105 (38c72552c5e..., userDataDir: C:\Windows\SystemTemp\scope...}, fedcm:accounts: true, goog:chromeOptions: {debuggerAddress: localhost:51107}, networkConnectionEnabled: false, pageLoadStrategy: normal, platformName: windows, proxy: Proxy(), se:cdp: ws://localhost:51107/devtoo..., se:cdpVersion: 119.0.6045.125, setWindowRect: true, strictFileInteractability: false, timeouts: {implicit: 0, pageLoad: 300000, script: 30000}, unhandledPromptBehavior: dismiss and notify, webauthn:extension:credBlob: true, webauthn:extension:largeBlob: true, webauthn:extension:minPinLength: true, webauthn:extension:prf: true, webauthn:virtualAuthenticators: true}
Session ID: 18e97a2920411f381c5056caa210ca01
	at java.base/jdk.internal.reflect.DirectConstructorHandleAccessor.newInstance(DirectConstructorHandleAccessor.java:67)
	at java.base/java.lang.reflect.Constructor.newInstanceWithCaller(Constructor.java:500)
	at java.base/java.lang.reflect.Constructor.newInstance(Constructor.java:484)
	at org.openqa.selenium.remote.codec.w3c.W3CHttpResponseCodec.createException(W3CHttpResponseCodec.java:200)
	at org.openqa.selenium.remote.codec.w3c.W3CHttpResponseCodec.decode(W3CHttpResponseCodec.java:133)
	at org.openqa.selenium.remote.codec.w3c.W3CHttpResponseCodec.decode(W3CHttpResponseCodec.java:52)
	at org.openqa.selenium.remote.HttpCommandExecutor.execute(HttpCommandExecutor.java:191)
	at org.openqa.selenium.remote.service.DriverCommandExecutor.invokeExecute(DriverCommandExecutor.java:196)
	at org.openqa.selenium.remote.service.DriverCommandExecutor.execute(DriverCommandExecutor.java:171)
	at org.openqa.selenium.remote.RemoteWebDriver.execute(RemoteWebDriver.java:518)
	at org.openqa.selenium.remote.ElementLocation$ElementFinder$2.findElement(ElementLocation.java:165)
	at org.openqa.selenium.remote.ElementLocation.findElement(ElementLocation.java:59)
	at org.openqa.selenium.remote.RemoteWebDriver.findElement(RemoteWebDriver.java:355)
	at org.openqa.selenium.remote.RemoteWebDriver.findElement(RemoteWebDriver.java:349)
	at org.openqa.selenium.support.pagefactory.DefaultElementLocator.findElement(DefaultElementLocator.java:68)
	at org.openqa.selenium.support.pagefactory.internal.LocatingElementHandler.invoke(LocatingElementHandler.java:38)
	at jdk.proxy2/jdk.proxy2.$Proxy27.getText(Unknown Source)
	at org.example.stepDefs.D08_Wishlist.successNotificationDisplayed(D08_Wishlist.java:29)
	at ✽.success notification displayed(file:///C:/Users/Dina/IdeaProjects/nopCommerce/src/main/resources/features/F08_Wishlist.feature:6)
</pre></div></td>
<td>17</td>
<td>org.example.testRunner.TestRunner@1677d1</td></tr>
<tr>
<td title='org.example.testRunner.TestRunner.runScenario()'><b>runScenario</b><br>Test class: org.example.testRunner.TestRunner<br>Test method: Runs Cucumber Scenarios<br>Parameters: "user opens rss link", "F07_followUs | The user able to open follow us links"</td>
<td><div><pre>java.lang.IndexOutOfBoundsException: Index 1 out of bounds for length 1
	at java.base/jdk.internal.util.Preconditions.outOfBounds(Preconditions.java:100)
	at java.base/jdk.internal.util.Preconditions.outOfBoundsCheckIndex(Preconditions.java:106)
	at java.base/jdk.internal.util.Preconditions.checkIndex(Preconditions.java:302)
	at java.base/java.util.Objects.checkIndex(Objects.java:385)
	at java.base/java.util.ArrayList.get(ArrayList.java:427)
	at org.example.stepDefs.D07_followUs.isOpenedInNewTab(D07_followUs.java:41)
	at ✽.&quot;https://demo.nopcommerce.com/new-online-store&quot; is opened in new tab(file:///C:/Users/Dina/IdeaProjects/nopCommerce/src/main/resources/features/F07_followUs.feature:14)
</pre></div><a href='#' onClick='toggleBox("stack-trace635585916", this, "Click to show all stack frames", "Click to hide stack frames")'>Click to show all stack frames</a>
<div class='stack-trace' id='stack-trace635585916'><pre>java.lang.IndexOutOfBoundsException: Index 1 out of bounds for length 1
	at java.base/jdk.internal.util.Preconditions.outOfBounds(Preconditions.java:100)
	at java.base/jdk.internal.util.Preconditions.outOfBoundsCheckIndex(Preconditions.java:106)
	at java.base/jdk.internal.util.Preconditions.checkIndex(Preconditions.java:302)
	at java.base/java.util.Objects.checkIndex(Objects.java:385)
	at java.base/java.util.ArrayList.get(ArrayList.java:427)
	at org.example.stepDefs.D07_followUs.isOpenedInNewTab(D07_followUs.java:41)
	at ✽.&quot;https://demo.nopcommerce.com/new-online-store&quot; is opened in new tab(file:///C:/Users/Dina/IdeaProjects/nopCommerce/src/main/resources/features/F07_followUs.feature:14)
</pre></div></td>
<td>11</td>
<td>org.example.testRunner.TestRunner@1677d1</td></tr>
<tr>
<td title='org.example.testRunner.TestRunner.runScenario()'><b>runScenario</b><br>Test class: org.example.testRunner.TestRunner<br>Test method: Runs Cucumber Scenarios<br>Parameters: "Add to cart button is clickable", "F09_ShoppingCart | The user can use the functionality of adding products to cart successfully"</td>
<td><div><pre>org.openqa.selenium.NoSuchElementException: no such element: Unable to locate element: {&quot;method&quot;:&quot;css selector&quot;,&quot;selector&quot;:&quot;div[class=&quot;bar-notification-container&quot;] p[class=&quot;content&quot;]&quot;}
  (Session info: chrome=119.0.6045.125)
For documentation on this error, please visit: https://www.selenium.dev/documentation/webdriver/troubleshooting/errors#no-such-element-exception
Build info: version: &apos;4.11.0&apos;, revision: &apos;040bc5406b&apos;
System info: os.name: &apos;Windows 10&apos;, os.arch: &apos;amd64&apos;, os.version: &apos;10.0&apos;, java.version: &apos;20.0.1&apos;
Driver info: org.openqa.selenium.chrome.ChromeDriver
Command: [7d6692d7ff7c75dac20fc8037682771b, findElement {using=css selector, value=div[class=&quot;bar-notification-container&quot;] p[class=&quot;content&quot;]}]
Capabilities {acceptInsecureCerts: false, browserName: chrome, browserVersion: 119.0.6045.125, chrome: {chromedriverVersion: 119.0.6045.105 (38c72552c5e..., userDataDir: C:\Windows\SystemTemp\scope...}, fedcm:accounts: true, goog:chromeOptions: {debuggerAddress: localhost:51462}, networkConnectionEnabled: false, pageLoadStrategy: normal, platformName: windows, proxy: Proxy(), se:cdp: ws://localhost:51462/devtoo..., se:cdpVersion: 119.0.6045.125, setWindowRect: true, strictFileInteractability: false, timeouts: {implicit: 0, pageLoad: 300000, script: 30000}, unhandledPromptBehavior: dismiss and notify, webauthn:extension:credBlob: true, webauthn:extension:largeBlob: true, webauthn:extension:minPinLength: true, webauthn:extension:prf: true, webauthn:virtualAuthenticators: true}
Session ID: 7d6692d7ff7c75dac20fc8037682771b
	at org.openqa.selenium.remote.codec.w3c.W3CHttpResponseCodec.createException(W3CHttpResponseCodec.java:200)
	at org.openqa.selenium.remote.codec.w3c.W3CHttpResponseCodec.decode(W3CHttpResponseCodec.java:133)
	at org.openqa.selenium.remote.codec.w3c.W3CHttpResponseCodec.decode(W3CHttpResponseCodec.java:52)
	at org.openqa.selenium.remote.HttpCommandExecutor.execute(HttpCommandExecutor.java:191)
	at org.openqa.selenium.remote.service.DriverCommandExecutor.invokeExecute(DriverCommandExecutor.java:196)
	at org.openqa.selenium.remote.service.DriverCommandExecutor.execute(DriverCommandExecutor.java:171)
	at org.openqa.selenium.remote.RemoteWebDriver.execute(RemoteWebDriver.java:518)
	at org.openqa.selenium.remote.ElementLocation$ElementFinder$2.findElement(ElementLocation.java:165)
	at org.openqa.selenium.remote.ElementLocation.findElement(ElementLocation.java:59)
	at org.openqa.selenium.remote.RemoteWebDriver.findElement(RemoteWebDriver.java:355)
	at org.openqa.selenium.remote.RemoteWebDriver.findElement(RemoteWebDriver.java:349)
	at org.openqa.selenium.support.pagefactory.DefaultElementLocator.findElement(DefaultElementLocator.java:68)
	at org.openqa.selenium.support.pagefactory.internal.LocatingElementHandler.invoke(LocatingElementHandler.java:38)
	at jdk.proxy2/jdk.proxy2.$Proxy27.getText(Unknown Source)
	at org.example.stepDefs.D09_ShoppingCart.successNotificationAppeared(D09_ShoppingCart.java:30)
	at ✽.success notification appeared(file:///C:/Users/Dina/IdeaProjects/nopCommerce/src/main/resources/features/F09_ShoppingCart.feature:6)
... Removed 3 stack frames</pre></div><a href='#' onClick='toggleBox("stack-trace1803117479", this, "Click to show all stack frames", "Click to hide stack frames")'>Click to show all stack frames</a>
<div class='stack-trace' id='stack-trace1803117479'><pre>org.openqa.selenium.NoSuchElementException: no such element: Unable to locate element: {&quot;method&quot;:&quot;css selector&quot;,&quot;selector&quot;:&quot;div[class=&quot;bar-notification-container&quot;] p[class=&quot;content&quot;]&quot;}
  (Session info: chrome=119.0.6045.125)
For documentation on this error, please visit: https://www.selenium.dev/documentation/webdriver/troubleshooting/errors#no-such-element-exception
Build info: version: &apos;4.11.0&apos;, revision: &apos;040bc5406b&apos;
System info: os.name: &apos;Windows 10&apos;, os.arch: &apos;amd64&apos;, os.version: &apos;10.0&apos;, java.version: &apos;20.0.1&apos;
Driver info: org.openqa.selenium.chrome.ChromeDriver
Command: [7d6692d7ff7c75dac20fc8037682771b, findElement {using=css selector, value=div[class=&quot;bar-notification-container&quot;] p[class=&quot;content&quot;]}]
Capabilities {acceptInsecureCerts: false, browserName: chrome, browserVersion: 119.0.6045.125, chrome: {chromedriverVersion: 119.0.6045.105 (38c72552c5e..., userDataDir: C:\Windows\SystemTemp\scope...}, fedcm:accounts: true, goog:chromeOptions: {debuggerAddress: localhost:51462}, networkConnectionEnabled: false, pageLoadStrategy: normal, platformName: windows, proxy: Proxy(), se:cdp: ws://localhost:51462/devtoo..., se:cdpVersion: 119.0.6045.125, setWindowRect: true, strictFileInteractability: false, timeouts: {implicit: 0, pageLoad: 300000, script: 30000}, unhandledPromptBehavior: dismiss and notify, webauthn:extension:credBlob: true, webauthn:extension:largeBlob: true, webauthn:extension:minPinLength: true, webauthn:extension:prf: true, webauthn:virtualAuthenticators: true}
Session ID: 7d6692d7ff7c75dac20fc8037682771b
	at java.base/jdk.internal.reflect.DirectConstructorHandleAccessor.newInstance(DirectConstructorHandleAccessor.java:67)
	at java.base/java.lang.reflect.Constructor.newInstanceWithCaller(Constructor.java:500)
	at java.base/java.lang.reflect.Constructor.newInstance(Constructor.java:484)
	at org.openqa.selenium.remote.codec.w3c.W3CHttpResponseCodec.createException(W3CHttpResponseCodec.java:200)
	at org.openqa.selenium.remote.codec.w3c.W3CHttpResponseCodec.decode(W3CHttpResponseCodec.java:133)
	at org.openqa.selenium.remote.codec.w3c.W3CHttpResponseCodec.decode(W3CHttpResponseCodec.java:52)
	at org.openqa.selenium.remote.HttpCommandExecutor.execute(HttpCommandExecutor.java:191)
	at org.openqa.selenium.remote.service.DriverCommandExecutor.invokeExecute(DriverCommandExecutor.java:196)
	at org.openqa.selenium.remote.service.DriverCommandExecutor.execute(DriverCommandExecutor.java:171)
	at org.openqa.selenium.remote.RemoteWebDriver.execute(RemoteWebDriver.java:518)
	at org.openqa.selenium.remote.ElementLocation$ElementFinder$2.findElement(ElementLocation.java:165)
	at org.openqa.selenium.remote.ElementLocation.findElement(ElementLocation.java:59)
	at org.openqa.selenium.remote.RemoteWebDriver.findElement(RemoteWebDriver.java:355)
	at org.openqa.selenium.remote.RemoteWebDriver.findElement(RemoteWebDriver.java:349)
	at org.openqa.selenium.support.pagefactory.DefaultElementLocator.findElement(DefaultElementLocator.java:68)
	at org.openqa.selenium.support.pagefactory.internal.LocatingElementHandler.invoke(LocatingElementHandler.java:38)
	at jdk.proxy2/jdk.proxy2.$Proxy27.getText(Unknown Source)
	at org.example.stepDefs.D09_ShoppingCart.successNotificationAppeared(D09_ShoppingCart.java:30)
	at ✽.success notification appeared(file:///C:/Users/Dina/IdeaProjects/nopCommerce/src/main/resources/features/F09_ShoppingCart.feature:6)
</pre></div></td>
<td>20</td>
<td>org.example.testRunner.TestRunner@1677d1</td></tr>
<tr>
<td title='org.example.testRunner.TestRunner.runScenario()'><b>runScenario</b><br>Test class: org.example.testRunner.TestRunner<br>Test method: Runs Cucumber Scenarios<br>Parameters: "Add to cart button is clickable", "F09_ShoppingCart | The user can use the functionality of adding products to cart successfully"</td>
<td><div><pre>org.openqa.selenium.NoSuchElementException: no such element: Unable to locate element: {&quot;method&quot;:&quot;css selector&quot;,&quot;selector&quot;:&quot;div[class=&quot;bar-notification-container&quot;] p[class=&quot;content&quot;]&quot;}
  (Session info: chrome=119.0.6045.125)
For documentation on this error, please visit: https://www.selenium.dev/documentation/webdriver/troubleshooting/errors#no-such-element-exception
Build info: version: &apos;4.11.0&apos;, revision: &apos;040bc5406b&apos;
System info: os.name: &apos;Windows 10&apos;, os.arch: &apos;amd64&apos;, os.version: &apos;10.0&apos;, java.version: &apos;20.0.1&apos;
Driver info: org.openqa.selenium.chrome.ChromeDriver
Command: [e1ea3b2c89ef447f1494ab6212d02d80, findElement {using=css selector, value=div[class=&quot;bar-notification-container&quot;] p[class=&quot;content&quot;]}]
Capabilities {acceptInsecureCerts: false, browserName: chrome, browserVersion: 119.0.6045.125, chrome: {chromedriverVersion: 119.0.6045.105 (38c72552c5e..., userDataDir: C:\Windows\SystemTemp\scope...}, fedcm:accounts: true, goog:chromeOptions: {debuggerAddress: localhost:51553}, networkConnectionEnabled: false, pageLoadStrategy: normal, platformName: windows, proxy: Proxy(), se:cdp: ws://localhost:51553/devtoo..., se:cdpVersion: 119.0.6045.125, setWindowRect: true, strictFileInteractability: false, timeouts: {implicit: 0, pageLoad: 300000, script: 30000}, unhandledPromptBehavior: dismiss and notify, webauthn:extension:credBlob: true, webauthn:extension:largeBlob: true, webauthn:extension:minPinLength: true, webauthn:extension:prf: true, webauthn:virtualAuthenticators: true}
Session ID: e1ea3b2c89ef447f1494ab6212d02d80
	at org.openqa.selenium.remote.codec.w3c.W3CHttpResponseCodec.createException(W3CHttpResponseCodec.java:200)
	at org.openqa.selenium.remote.codec.w3c.W3CHttpResponseCodec.decode(W3CHttpResponseCodec.java:133)
	at org.openqa.selenium.remote.codec.w3c.W3CHttpResponseCodec.decode(W3CHttpResponseCodec.java:52)
	at org.openqa.selenium.remote.HttpCommandExecutor.execute(HttpCommandExecutor.java:191)
	at org.openqa.selenium.remote.service.DriverCommandExecutor.invokeExecute(DriverCommandExecutor.java:196)
	at org.openqa.selenium.remote.service.DriverCommandExecutor.execute(DriverCommandExecutor.java:171)
	at org.openqa.selenium.remote.RemoteWebDriver.execute(RemoteWebDriver.java:518)
	at org.openqa.selenium.remote.ElementLocation$ElementFinder$2.findElement(ElementLocation.java:165)
	at org.openqa.selenium.remote.ElementLocation.findElement(ElementLocation.java:59)
	at org.openqa.selenium.remote.RemoteWebDriver.findElement(RemoteWebDriver.java:355)
	at org.openqa.selenium.remote.RemoteWebDriver.findElement(RemoteWebDriver.java:349)
	at org.openqa.selenium.support.pagefactory.DefaultElementLocator.findElement(DefaultElementLocator.java:68)
	at org.openqa.selenium.support.pagefactory.internal.LocatingElementHandler.invoke(LocatingElementHandler.java:38)
	at jdk.proxy2/jdk.proxy2.$Proxy27.getText(Unknown Source)
	at org.example.stepDefs.D09_ShoppingCart.successNotificationAppeared(D09_ShoppingCart.java:30)
	at ✽.success notification appeared(file:///C:/Users/Dina/IdeaProjects/nopCommerce/src/main/resources/features/F09_ShoppingCart.feature:6)
... Removed 3 stack frames</pre></div><a href='#' onClick='toggleBox("stack-trace955811526", this, "Click to show all stack frames", "Click to hide stack frames")'>Click to show all stack frames</a>
<div class='stack-trace' id='stack-trace955811526'><pre>org.openqa.selenium.NoSuchElementException: no such element: Unable to locate element: {&quot;method&quot;:&quot;css selector&quot;,&quot;selector&quot;:&quot;div[class=&quot;bar-notification-container&quot;] p[class=&quot;content&quot;]&quot;}
  (Session info: chrome=119.0.6045.125)
For documentation on this error, please visit: https://www.selenium.dev/documentation/webdriver/troubleshooting/errors#no-such-element-exception
Build info: version: &apos;4.11.0&apos;, revision: &apos;040bc5406b&apos;
System info: os.name: &apos;Windows 10&apos;, os.arch: &apos;amd64&apos;, os.version: &apos;10.0&apos;, java.version: &apos;20.0.1&apos;
Driver info: org.openqa.selenium.chrome.ChromeDriver
Command: [e1ea3b2c89ef447f1494ab6212d02d80, findElement {using=css selector, value=div[class=&quot;bar-notification-container&quot;] p[class=&quot;content&quot;]}]
Capabilities {acceptInsecureCerts: false, browserName: chrome, browserVersion: 119.0.6045.125, chrome: {chromedriverVersion: 119.0.6045.105 (38c72552c5e..., userDataDir: C:\Windows\SystemTemp\scope...}, fedcm:accounts: true, goog:chromeOptions: {debuggerAddress: localhost:51553}, networkConnectionEnabled: false, pageLoadStrategy: normal, platformName: windows, proxy: Proxy(), se:cdp: ws://localhost:51553/devtoo..., se:cdpVersion: 119.0.6045.125, setWindowRect: true, strictFileInteractability: false, timeouts: {implicit: 0, pageLoad: 300000, script: 30000}, unhandledPromptBehavior: dismiss and notify, webauthn:extension:credBlob: true, webauthn:extension:largeBlob: true, webauthn:extension:minPinLength: true, webauthn:extension:prf: true, webauthn:virtualAuthenticators: true}
Session ID: e1ea3b2c89ef447f1494ab6212d02d80
	at java.base/jdk.internal.reflect.DirectConstructorHandleAccessor.newInstance(DirectConstructorHandleAccessor.java:67)
	at java.base/java.lang.reflect.Constructor.newInstanceWithCaller(Constructor.java:500)
	at java.base/java.lang.reflect.Constructor.newInstance(Constructor.java:484)
	at org.openqa.selenium.remote.codec.w3c.W3CHttpResponseCodec.createException(W3CHttpResponseCodec.java:200)
	at org.openqa.selenium.remote.codec.w3c.W3CHttpResponseCodec.decode(W3CHttpResponseCodec.java:133)
	at org.openqa.selenium.remote.codec.w3c.W3CHttpResponseCodec.decode(W3CHttpResponseCodec.java:52)
	at org.openqa.selenium.remote.HttpCommandExecutor.execute(HttpCommandExecutor.java:191)
	at org.openqa.selenium.remote.service.DriverCommandExecutor.invokeExecute(DriverCommandExecutor.java:196)
	at org.openqa.selenium.remote.service.DriverCommandExecutor.execute(DriverCommandExecutor.java:171)
	at org.openqa.selenium.remote.RemoteWebDriver.execute(RemoteWebDriver.java:518)
	at org.openqa.selenium.remote.ElementLocation$ElementFinder$2.findElement(ElementLocation.java:165)
	at org.openqa.selenium.remote.ElementLocation.findElement(ElementLocation.java:59)
	at org.openqa.selenium.remote.RemoteWebDriver.findElement(RemoteWebDriver.java:355)
	at org.openqa.selenium.remote.RemoteWebDriver.findElement(RemoteWebDriver.java:349)
	at org.openqa.selenium.support.pagefactory.DefaultElementLocator.findElement(DefaultElementLocator.java:68)
	at org.openqa.selenium.support.pagefactory.internal.LocatingElementHandler.invoke(LocatingElementHandler.java:38)
	at jdk.proxy2/jdk.proxy2.$Proxy27.getText(Unknown Source)
	at org.example.stepDefs.D09_ShoppingCart.successNotificationAppeared(D09_ShoppingCart.java:30)
	at ✽.success notification appeared(file:///C:/Users/Dina/IdeaProjects/nopCommerce/src/main/resources/features/F09_ShoppingCart.feature:6)
</pre></div></td>
<td>17</td>
<td>org.example.testRunner.TestRunner@1677d1</td></tr>
</table><p>
<table width='100%' border='1' class='invocation-passed'>
<tr><td colspan='4' align='center'><b>PASSED TESTS</b></td></tr>
<tr><td><b>Test method</b></td>
<td><b>Attribute(s)</b></td>
<td width="30%"><b>Exception</b></td>
<td width="10%"><b>Time (seconds)</b></td>
<td><b>Instance</b></td>
</tr>
<tr>
<td title='org.example.testRunner.TestRunner.runScenario()'><b>runScenario</b><br>Test class: org.example.testRunner.TestRunner<br>Test method: Runs Cucumber Scenarios<br>Parameters: "", "F05_hoverCategories | The user able to hover on main categories"</td>
<td></td>
<td>17</td>
<td>org.example.testRunner.TestRunner@1677d1</td></tr>
<tr>
<td title='org.example.testRunner.TestRunner.runScenario()'><b>runScenario</b><br>Test class: org.example.testRunner.TestRunner<br>Test method: Runs Cucumber Scenarios<br>Parameters: "guest user couldn't register without enter first name", "F01_Register | users could register with new accounts"</td>
<td></td>
<td>12</td>
<td>org.example.testRunner.TestRunner@1677d1</td></tr>
<tr>
<td title='org.example.testRunner.TestRunner.runScenario()'><b>runScenario</b><br>Test class: org.example.testRunner.TestRunner<br>Test method: Runs Cucumber Scenarios<br>Parameters: "user couldn't login with empty password", "F02_Login | users could use login functionality to use their accounts"</td>
<td></td>
<td>12</td>
<td>org.example.testRunner.TestRunner@1677d1</td></tr>
<tr>
<td title='org.example.testRunner.TestRunner.runScenario()'><b>runScenario</b><br>Test class: org.example.testRunner.TestRunner<br>Test method: Runs Cucumber Scenarios<br>Parameters: "wish button is clickable", "F08_Wishlist | The user can use the functionality of adding products to wishlist successfully"</td>
<td></td>
<td>15</td>
<td>org.example.testRunner.TestRunner@1677d1</td></tr>
<tr>
<td title='org.example.testRunner.TestRunner.runScenario()'><b>runScenario</b><br>Test class: org.example.testRunner.TestRunner<br>Test method: Runs Cucumber Scenarios<br>Parameters: "user couldn't find results when search for unavailable product", "F04_Search | The user able to search"</td>
<td></td>
<td>14</td>
<td>org.example.testRunner.TestRunner@1677d1</td></tr>
<tr>
<td title='org.example.testRunner.TestRunner.runScenario()'><b>runScenario</b><br>Test class: org.example.testRunner.TestRunner<br>Test method: Runs Cucumber Scenarios<br>Parameters: "user opens twitter link", "F07_followUs | The user able to open follow us links"</td>
<td></td>
<td>25</td>
<td>org.example.testRunner.TestRunner@1677d1</td></tr>
<tr>
<td title='org.example.testRunner.TestRunner.runScenario()'><b>runScenario</b><br>Test class: org.example.testRunner.TestRunner<br>Test method: Runs Cucumber Scenarios<br>Parameters: "remove item from wishlist page", "F08_Wishlist | The user can use the functionality of adding products to wishlist successfully"</td>
<td></td>
<td>14</td>
<td>org.example.testRunner.TestRunner@1677d1</td></tr>
<tr>
<td title='org.example.testRunner.TestRunner.runScenario()'><b>runScenario</b><br>Test class: org.example.testRunner.TestRunner<br>Test method: Runs Cucumber Scenarios<br>Parameters: "user could search using product name", "F04_Search | The user able to search"</td>
<td></td>
<td>18</td>
<td>org.example.testRunner.TestRunner@1677d1</td></tr>
<tr>
<td title='org.example.testRunner.TestRunner.runScenario()'><b>runScenario</b><br>Test class: org.example.testRunner.TestRunner<br>Test method: Runs Cucumber Scenarios<br>Parameters: "user opens facebook link", "F07_followUs | The user able to open follow us links"</td>
<td></td>
<td>24</td>
<td>org.example.testRunner.TestRunner@1677d1</td></tr>
<tr>
<td title='org.example.testRunner.TestRunner.runScenario()'><b>runScenario</b><br>Test class: org.example.testRunner.TestRunner<br>Test method: Runs Cucumber Scenarios<br>Parameters: "user could login with registered email and right password", "F02_Login | users could use login functionality to use their accounts"</td>
<td></td>
<td>15</td>
<td>org.example.testRunner.TestRunner@1677d1</td></tr>
<tr>
<td title='org.example.testRunner.TestRunner.runScenario()'><b>runScenario</b><br>Test class: org.example.testRunner.TestRunner<br>Test method: Runs Cucumber Scenarios<br>Parameters: "Wishlist is Empty when no item added", "F08_Wishlist | The user can use the functionality of adding products to wishlist successfully"</td>
<td></td>
<td>14</td>
<td>org.example.testRunner.TestRunner@1677d1</td></tr>
<tr>
<td title='org.example.testRunner.TestRunner.runScenario()'><b>runScenario</b><br>Test class: org.example.testRunner.TestRunner<br>Test method: Runs Cucumber Scenarios<br>Parameters: "Hovering causes unintended effects on the page", "F05_hoverCategories | The user able to hover on main categories"</td>
<td></td>
<td>16</td>
<td>org.example.testRunner.TestRunner@1677d1</td></tr>
<tr>
<td title='org.example.testRunner.TestRunner.runScenario()'><b>runScenario</b><br>Test class: org.example.testRunner.TestRunner<br>Test method: Runs Cucumber Scenarios<br>Parameters: "user opens youtube link", "F07_followUs | The user able to open follow us links"</td>
<td></td>
<td>70</td>
<td>org.example.testRunner.TestRunner@1677d1</td></tr>
<tr>
<td title='org.example.testRunner.TestRunner.runScenario()'><b>runScenario</b><br>Test class: org.example.testRunner.TestRunner<br>Test method: Runs Cucumber Scenarios<br>Parameters: "user couldn't find product using invalid product name", "F04_Search | The user able to search"</td>
<td></td>
<td>12</td>
<td>org.example.testRunner.TestRunner@1677d1</td></tr>
<tr>
<td title='org.example.testRunner.TestRunner.runScenario()'><b>runScenario</b><br>Test class: org.example.testRunner.TestRunner<br>Test method: Runs Cucumber Scenarios<br>Parameters: "", "F03_Currencies | The user able to change currency successfully"</td>
<td></td>
<td>14</td>
<td>org.example.testRunner.TestRunner@1677d1</td></tr>
<tr>
<td title='org.example.testRunner.TestRunner.runScenario()'><b>runScenario</b><br>Test class: org.example.testRunner.TestRunner<br>Test method: Runs Cucumber Scenarios<br>Parameters: "Shopping cart is Empty when no item added", "F09_ShoppingCart | The user can use the functionality of adding products to cart successfully"</td>
<td></td>
<td>12</td>
<td>org.example.testRunner.TestRunner@1677d1</td></tr>
<tr>
<td title='org.example.testRunner.TestRunner.runScenario()'><b>runScenario</b><br>Test class: org.example.testRunner.TestRunner<br>Test method: Runs Cucumber Scenarios<br>Parameters: "user couldn't login with unregistered email", "F02_Login | users could use login functionality to use their accounts"</td>
<td></td>
<td>10</td>
<td>org.example.testRunner.TestRunner@1677d1</td></tr>
<tr>
<td title='org.example.testRunner.TestRunner.runScenario()'><b>runScenario</b><br>Test class: org.example.testRunner.TestRunner<br>Test method: Runs Cucumber Scenarios<br>Parameters: "guest user could register without select gender type or date of birth", "F01_Register | users could register with new accounts"</td>
<td></td>
<td>16</td>
<td>org.example.testRunner.TestRunner@1677d1</td></tr>
<tr>
<td title='org.example.testRunner.TestRunner.runScenario()'><b>runScenario</b><br>Test class: org.example.testRunner.TestRunner<br>Test method: Runs Cucumber Scenarios<br>Parameters: "guest user couldn't register without enter last name", "F01_Register | users could register with new accounts"</td>
<td></td>
<td>12</td>
<td>org.example.testRunner.TestRunner@1677d1</td></tr>
<tr>
<td title='org.example.testRunner.TestRunner.runScenario()'><b>runScenario</b><br>Test class: org.example.testRunner.TestRunner<br>Test method: Runs Cucumber Scenarios<br>Parameters: "user could search using category name", "F04_Search | The user able to search"</td>
<td></td>
<td>23</td>
<td>org.example.testRunner.TestRunner@1677d1</td></tr>
<tr>
<td title='org.example.testRunner.TestRunner.runScenario()'><b>runScenario</b><br>Test class: org.example.testRunner.TestRunner<br>Test method: Runs Cucumber Scenarios<br>Parameters: "product added successfully to the shopping cart", "F09_ShoppingCart | The user can use the functionality of adding products to cart successfully"</td>
<td></td>
<td>16</td>
<td>org.example.testRunner.TestRunner@1677d1</td></tr>
<tr>
<td title='org.example.testRunner.TestRunner.runScenario()'><b>runScenario</b><br>Test class: org.example.testRunner.TestRunner<br>Test method: Runs Cucumber Scenarios<br>Parameters: "guest user couldn't register with invalid password", "F01_Register | users could register with new accounts"</td>
<td></td>
<td>11</td>
<td>org.example.testRunner.TestRunner@1677d1</td></tr>
<tr>
<td title='org.example.testRunner.TestRunner.runScenario()'><b>runScenario</b><br>Test class: org.example.testRunner.TestRunner<br>Test method: Runs Cucumber Scenarios<br>Parameters: "user could search using product name", "F04_Search | The user able to search"</td>
<td></td>
<td>27</td>
<td>org.example.testRunner.TestRunner@1677d1</td></tr>
<tr>
<td title='org.example.testRunner.TestRunner.runScenario()'><b>runScenario</b><br>Test class: org.example.testRunner.TestRunner<br>Test method: Runs Cucumber Scenarios<br>Parameters: "user could search for product using sku", "F04_Search | The user able to search"</td>
<td></td>
<td>18</td>
<td>org.example.testRunner.TestRunner@1677d1</td></tr>
<tr>
<td title='org.example.testRunner.TestRunner.runScenario()'><b>runScenario</b><br>Test class: org.example.testRunner.TestRunner<br>Test method: Runs Cucumber Scenarios<br>Parameters: "user couldn't login with empty email", "F02_Login | users could use login functionality to use their accounts"</td>
<td></td>
<td>11</td>
<td>org.example.testRunner.TestRunner@1677d1</td></tr>
<tr>
<td title='org.example.testRunner.TestRunner.runScenario()'><b>runScenario</b><br>Test class: org.example.testRunner.TestRunner<br>Test method: Runs Cucumber Scenarios<br>Parameters: "user could search using category name", "F04_Search | The user able to search"</td>
<td></td>
<td>23</td>
<td>org.example.testRunner.TestRunner@1677d1</td></tr>
<tr>
<td title='org.example.testRunner.TestRunner.runScenario()'><b>runScenario</b><br>Test class: org.example.testRunner.TestRunner<br>Test method: Runs Cucumber Scenarios<br>Parameters: "", "F03_Currencies | The user able to change currency successfully"</td>
<td></td>
<td>10</td>
<td>org.example.testRunner.TestRunner@1677d1</td></tr>
<tr>
<td title='org.example.testRunner.TestRunner.runScenario()'><b>runScenario</b><br>Test class: org.example.testRunner.TestRunner<br>Test method: Runs Cucumber Scenarios<br>Parameters: "user could search for product using sku", "F04_Search | The user able to search"</td>
<td></td>
<td>13</td>
<td>org.example.testRunner.TestRunner@1677d1</td></tr>
<tr>
<td title='org.example.testRunner.TestRunner.runScenario()'><b>runScenario</b><br>Test class: org.example.testRunner.TestRunner<br>Test method: Runs Cucumber Scenarios<br>Parameters: "guest user couldn't register without enter email", "F01_Register | users could register with new accounts"</td>
<td></td>
<td>7</td>
<td>org.example.testRunner.TestRunner@1677d1</td></tr>
<tr>
<td title='org.example.testRunner.TestRunner.runScenario()'><b>runScenario</b><br>Test class: org.example.testRunner.TestRunner<br>Test method: Runs Cucumber Scenarios<br>Parameters: "user couldn't find results when search for unavailable product", "F04_Search | The user able to search"</td>
<td></td>
<td>8</td>
<td>org.example.testRunner.TestRunner@1677d1</td></tr>
<tr>
<td title='org.example.testRunner.TestRunner.runScenario()'><b>runScenario</b><br>Test class: org.example.testRunner.TestRunner<br>Test method: Runs Cucumber Scenarios<br>Parameters: "Add to cart button is clickable", "F09_ShoppingCart | The user can use the functionality of adding products to cart successfully"</td>
<td></td>
<td>13</td>
<td>org.example.testRunner.TestRunner@1677d1</td></tr>
<tr>
<td title='org.example.testRunner.TestRunner.runScenario()'><b>runScenario</b><br>Test class: org.example.testRunner.TestRunner<br>Test method: Runs Cucumber Scenarios<br>Parameters: "user couldn't login with invalid email", "F02_Login | users could use login functionality to use their accounts"</td>
<td></td>
<td>9</td>
<td>org.example.testRunner.TestRunner@1677d1</td></tr>
<tr>
<td title='org.example.testRunner.TestRunner.runScenario()'><b>runScenario</b><br>Test class: org.example.testRunner.TestRunner<br>Test method: Runs Cucumber Scenarios<br>Parameters: "user could search for product using sku", "F04_Search | The user able to search"</td>
<td></td>
<td>14</td>
<td>org.example.testRunner.TestRunner@1677d1</td></tr>
<tr>
<td title='org.example.testRunner.TestRunner.runScenario()'><b>runScenario</b><br>Test class: org.example.testRunner.TestRunner<br>Test method: Runs Cucumber Scenarios<br>Parameters: "User click on Add to cart button for a product multiple times", "F09_ShoppingCart | The user can use the functionality of adding products to cart successfully"</td>
<td></td>
<td>18</td>
<td>org.example.testRunner.TestRunner@1677d1</td></tr>
<tr>
<td title='org.example.testRunner.TestRunner.runScenario()'><b>runScenario</b><br>Test class: org.example.testRunner.TestRunner<br>Test method: Runs Cucumber Scenarios<br>Parameters: "user couldn't find results when search for unavailable product", "F04_Search | The user able to search"</td>
<td></td>
<td>12</td>
<td>org.example.testRunner.TestRunner@1677d1</td></tr>
<tr>
<td title='org.example.testRunner.TestRunner.runScenario()'><b>runScenario</b><br>Test class: org.example.testRunner.TestRunner<br>Test method: Runs Cucumber Scenarios<br>Parameters: "guest user could register with valid data successfully", "F01_Register | users could register with new accounts"</td>
<td></td>
<td>24</td>
<td>org.example.testRunner.TestRunner@1677d1</td></tr>
<tr>
<td title='org.example.testRunner.TestRunner.runScenario()'><b>runScenario</b><br>Test class: org.example.testRunner.TestRunner<br>Test method: Runs Cucumber Scenarios<br>Parameters: "product added successfully to the wishlist", "F08_Wishlist | The user can use the functionality of adding products to wishlist successfully"</td>
<td></td>
<td>14</td>
<td>org.example.testRunner.TestRunner@1677d1</td></tr>
<tr>
<td title='org.example.testRunner.TestRunner.runScenario()'><b>runScenario</b><br>Test class: org.example.testRunner.TestRunner<br>Test method: Runs Cucumber Scenarios<br>Parameters: "guest user couldn't register with different in password and confirm password fields", "F01_Register | users could register with new accounts"</td>
<td></td>
<td>11</td>
<td>org.example.testRunner.TestRunner@1677d1</td></tr>
<tr>
<td title='org.example.testRunner.TestRunner.runScenario()'><b>runScenario</b><br>Test class: org.example.testRunner.TestRunner<br>Test method: Runs Cucumber Scenarios<br>Parameters: "guest user couldn't register without enter password", "F01_Register | users could register with new accounts"</td>
<td></td>
<td>7</td>
<td>org.example.testRunner.TestRunner@1677d1</td></tr>
<tr>
<td title='org.example.testRunner.TestRunner.runScenario()'><b>runScenario</b><br>Test class: org.example.testRunner.TestRunner<br>Test method: Runs Cucumber Scenarios<br>Parameters: "remove item from shopping cart page", "F09_ShoppingCart | The user can use the functionality of adding products to cart successfully"</td>
<td></td>
<td>12</td>
<td>org.example.testRunner.TestRunner@1677d1</td></tr>
</table><p>
</body>
</html>