<?xml version="1.0" encoding="UTF-8"?>
<!-- Generated by org.testng.reporters.JUnitReportReporter -->
<testsuite hostname="DESKTOP-9S0AJ0H" failures="2" tests="19" name="org.example.testRunner.runners" time="250.989" errors="3" timestamp="2023-07-01T18:27:19 EET" skipped="0">
  <testcase classname="org.example.testRunner.runners" name="runScenario" time="8.060"/>
  <system-out/>
  <testcase classname="org.example.testRunner.runners" name="runScenario" time="11.267"/>
  <system-out/>
  <testcase classname="org.example.testRunner.runners" name="runScenario" time="11.697"/>
  <system-out/>
  <testcase classname="org.example.testRunner.runners" name="runScenario" time="14.147"/>
  <system-out/>
  <testcase classname="org.example.testRunner.runners" name="runScenario" time="29.151"/>
  <system-out/>
  <testcase classname="org.example.testRunner.runners" name="runScenario" time="17.765"/>
  <system-out/>
  <testcase classname="org.example.testRunner.runners" name="runScenario" time="15.053">
    <failure message="expected [https://twitter.com/nopCommerce] but found [https://twitter.com/i/flow/login?redirect_after_login=%2FnopCommerce]" type="java.lang.AssertionError">
      <![CDATA[java.lang.AssertionError: expected [https://twitter.com/nopCommerce] but found [https://twitter.com/i/flow/login?redirect_after_login=%2FnopCommerce]
at org.testng.Assert.fail(Assert.java:110)
at org.testng.Assert.failNotEquals(Assert.java:1577)
at org.testng.Assert.assertEqualsImpl(Assert.java:149)
at org.testng.Assert.assertEquals(Assert.java:131)
at org.testng.Assert.assertEquals(Assert.java:655)
at org.testng.Assert.assertEquals(Assert.java:665)
at org.example.stepDefs.D07_followUs.isOpenedInNewTab(D07_followUs.java:45)
at ✽."https://twitter.com/nopCommerce" is opened in new tab(file:///C:/Users/Dina/IdeaProjects/demonopcommerce/src/main/resources/features/F07_followUs.feature:10)
]]>
    </failure>
  </testcase> <!-- runScenario -->
  <system-out/>
  <testcase classname="org.example.testRunner.runners" name="runScenario" time="10.460">
    <failure message="The following asserts failed:
	expected [true] but found [false],
	expected [true] but found [false],
	expected [true] but found [false],
	expected [true] but found [false],
	expected [true] but found [false]" type="java.lang.AssertionError">
      <![CDATA[java.lang.AssertionError: The following asserts failed:
expected [true] but found [false],
expected [true] but found [false],
expected [true] but found [false],
expected [true] but found [false],
expected [true] but found [false]
at org.testng.asserts.SoftAssert.assertAll(SoftAssert.java:46)
at org.testng.asserts.SoftAssert.assertAll(SoftAssert.java:30)
at org.example.stepDefs.D04_Search.searchRelevantResultsAppears(D04_Search.java:82)
at ✽.search relevant results appears "book"(file:///C:/Users/Dina/IdeaProjects/demonopcommerce/src/main/resources/features/F04_Search.feature:6)
]]>
    </failure>
  </testcase> <!-- runScenario -->
  <system-out/>
  <testcase classname="org.example.testRunner.runners" name="runScenario" time="13.274">
    <error message="Expected condition failed: waiting for visibility of [[ChromeDriver: chrome on windows (62b07089f87ee72b0498db1cc0803f09)] -&gt; class name: nivo-imageLink] (tried for 5 second(s) with 500 milliseconds interval)
Build info: version: &#039;4.9.1&#039;, revision: &#039;eb2032df7f&#039;
System info: os.name: &#039;Windows 10&#039;, os.arch: &#039;amd64&#039;, os.version: &#039;10.0&#039;, java.version: &#039;20.0.1&#039;
Driver info: org.openqa.selenium.chrome.ChromeDriver
Capabilities {acceptInsecureCerts: false, browserName: chrome, browserVersion: 114.0.5735.199, chrome: {chromedriverVersion: 114.0.5735.90 (386bc09e8f4f..., userDataDir: C:\Windows\SystemTemp\scope...}, goog:chromeOptions: {debuggerAddress: localhost:60050}, networkConnectionEnabled: false, pageLoadStrategy: normal, platformName: windows, proxy: Proxy(), se:cdp: ws://localhost:60050/devtoo..., se:cdpVersion: 114.0.5735.199, setWindowRect: true, strictFileInteractability: false, timeouts: {implicit: 0, pageLoad: 300000, script: 30000}, unhandledPromptBehavior: dismiss and notify, webauthn:extension:credBlob: true, webauthn:extension:largeBlob: true, webauthn:extension:minPinLength: true, webauthn:extension:prf: true, webauthn:virtualAuthenticators: true}
Session ID: 62b07089f87ee72b0498db1cc0803f09" type="org.openqa.selenium.TimeoutException">
      <![CDATA[org.openqa.selenium.TimeoutException: Expected condition failed: waiting for visibility of [[ChromeDriver: chrome on windows (62b07089f87ee72b0498db1cc0803f09)] -> class name: nivo-imageLink] (tried for 5 second(s) with 500 milliseconds interval)
Build info: version: '4.9.1', revision: 'eb2032df7f'
System info: os.name: 'Windows 10', os.arch: 'amd64', os.version: '10.0', java.version: '20.0.1'
Driver info: org.openqa.selenium.chrome.ChromeDriver
Capabilities {acceptInsecureCerts: false, browserName: chrome, browserVersion: 114.0.5735.199, chrome: {chromedriverVersion: 114.0.5735.90 (386bc09e8f4f..., userDataDir: C:\Windows\SystemTemp\scope...}, goog:chromeOptions: {debuggerAddress: localhost:60050}, networkConnectionEnabled: false, pageLoadStrategy: normal, platformName: windows, proxy: Proxy(), se:cdp: ws://localhost:60050/devtoo..., se:cdpVersion: 114.0.5735.199, setWindowRect: true, strictFileInteractability: false, timeouts: {implicit: 0, pageLoad: 300000, script: 30000}, unhandledPromptBehavior: dismiss and notify, webauthn:extension:credBlob: true, webauthn:extension:largeBlob: true, webauthn:extension:minPinLength: true, webauthn:extension:prf: true, webauthn:virtualAuthenticators: true}
Session ID: 62b07089f87ee72b0498db1cc0803f09
at org.openqa.selenium.support.ui.WebDriverWait.timeoutException(WebDriverWait.java:87)
at org.openqa.selenium.support.ui.FluentWait.until(FluentWait.java:231)
at org.example.stepDefs.D06_homeSliders.userClicksOnTheFirstSlider(D06_homeSliders.java:20)
at ✽.user clicks on the first slider(file:///C:/Users/Dina/IdeaProjects/demonopcommerce/src/main/resources/features/F06_homeSliders.feature:5)
]]>
    </error>
  </testcase> <!-- runScenario -->
  <system-out/>
  <testcase classname="org.example.testRunner.runners" name="runScenario" time="9.255"/>
  <system-out/>
  <testcase classname="org.example.testRunner.runners" name="runScenario" time="11.867">
    <error message="Expected condition failed: waiting for visibility of [[ChromeDriver: chrome on windows (6cc4406876e053c210b064cbb19f1c33)] -&gt; class name: nivo-imageLink] (tried for 5 second(s) with 500 milliseconds interval)
Build info: version: &#039;4.9.1&#039;, revision: &#039;eb2032df7f&#039;
System info: os.name: &#039;Windows 10&#039;, os.arch: &#039;amd64&#039;, os.version: &#039;10.0&#039;, java.version: &#039;20.0.1&#039;
Driver info: org.openqa.selenium.chrome.ChromeDriver
Capabilities {acceptInsecureCerts: false, browserName: chrome, browserVersion: 114.0.5735.199, chrome: {chromedriverVersion: 114.0.5735.90 (386bc09e8f4f..., userDataDir: C:\Windows\SystemTemp\scope...}, goog:chromeOptions: {debuggerAddress: localhost:60073}, networkConnectionEnabled: false, pageLoadStrategy: normal, platformName: windows, proxy: Proxy(), se:cdp: ws://localhost:60073/devtoo..., se:cdpVersion: 114.0.5735.199, setWindowRect: true, strictFileInteractability: false, timeouts: {implicit: 0, pageLoad: 300000, script: 30000}, unhandledPromptBehavior: dismiss and notify, webauthn:extension:credBlob: true, webauthn:extension:largeBlob: true, webauthn:extension:minPinLength: true, webauthn:extension:prf: true, webauthn:virtualAuthenticators: true}
Session ID: 6cc4406876e053c210b064cbb19f1c33" type="org.openqa.selenium.TimeoutException">
      <![CDATA[org.openqa.selenium.TimeoutException: Expected condition failed: waiting for visibility of [[ChromeDriver: chrome on windows (6cc4406876e053c210b064cbb19f1c33)] -> class name: nivo-imageLink] (tried for 5 second(s) with 500 milliseconds interval)
Build info: version: '4.9.1', revision: 'eb2032df7f'
System info: os.name: 'Windows 10', os.arch: 'amd64', os.version: '10.0', java.version: '20.0.1'
Driver info: org.openqa.selenium.chrome.ChromeDriver
Capabilities {acceptInsecureCerts: false, browserName: chrome, browserVersion: 114.0.5735.199, chrome: {chromedriverVersion: 114.0.5735.90 (386bc09e8f4f..., userDataDir: C:\Windows\SystemTemp\scope...}, goog:chromeOptions: {debuggerAddress: localhost:60073}, networkConnectionEnabled: false, pageLoadStrategy: normal, platformName: windows, proxy: Proxy(), se:cdp: ws://localhost:60073/devtoo..., se:cdpVersion: 114.0.5735.199, setWindowRect: true, strictFileInteractability: false, timeouts: {implicit: 0, pageLoad: 300000, script: 30000}, unhandledPromptBehavior: dismiss and notify, webauthn:extension:credBlob: true, webauthn:extension:largeBlob: true, webauthn:extension:minPinLength: true, webauthn:extension:prf: true, webauthn:virtualAuthenticators: true}
Session ID: 6cc4406876e053c210b064cbb19f1c33
at org.openqa.selenium.support.ui.WebDriverWait.timeoutException(WebDriverWait.java:87)
at org.openqa.selenium.support.ui.FluentWait.until(FluentWait.java:231)
at org.example.stepDefs.D06_homeSliders.userClicksOnTheSecondSlider(D06_homeSliders.java:26)
at ✽.user clicks on the second slider(file:///C:/Users/Dina/IdeaProjects/demonopcommerce/src/main/resources/features/F06_homeSliders.feature:9)
]]>
    </error>
  </testcase> <!-- runScenario -->
  <system-out/>
  <testcase classname="org.example.testRunner.runners" name="runScenario" time="13.560"/>
  <system-out/>
  <testcase classname="org.example.testRunner.runners" name="runScenario" time="9.339"/>
  <system-out/>
  <testcase classname="org.example.testRunner.runners" name="runScenario" time="10.976"/>
  <system-out/>
  <testcase classname="org.example.testRunner.runners" name="runScenario" time="10.101"/>
  <system-out/>
  <testcase classname="org.example.testRunner.runners" name="runScenario" time="12.131"/>
  <system-out/>
  <testcase classname="org.example.testRunner.runners" name="runScenario" time="11.512"/>
  <system-out/>
  <testcase classname="org.example.testRunner.runners" name="runScenario" time="16.593">
    <error message="Index 1 out of bounds for length 1" type="java.lang.IndexOutOfBoundsException">
      <![CDATA[java.lang.IndexOutOfBoundsException: Index 1 out of bounds for length 1
at java.base/jdk.internal.util.Preconditions.outOfBounds(Preconditions.java:100)
at java.base/jdk.internal.util.Preconditions.outOfBoundsCheckIndex(Preconditions.java:106)
at java.base/jdk.internal.util.Preconditions.checkIndex(Preconditions.java:302)
at java.base/java.util.Objects.checkIndex(Objects.java:385)
at java.base/java.util.ArrayList.get(ArrayList.java:427)
at org.example.stepDefs.D07_followUs.isOpenedInNewTab(D07_followUs.java:41)
at ✽."https://demo.nopcommerce.com/new-online-store" is opened in new tab(file:///C:/Users/Dina/IdeaProjects/demonopcommerce/src/main/resources/features/F07_followUs.feature:14)
]]>
    </error>
  </testcase> <!-- runScenario -->
  <system-out/>
  <testcase classname="org.example.testRunner.runners" name="runScenario" time="14.781"/>
  <system-out/>
</testsuite> <!-- org.example.testRunner.runners -->
